13.10.2018 03:46:26 +03:00 [err] error: uncaughtException: app.Router is not a function
TypeError: app.Router is not a function
    at Object.<anonymous> (/home/fedorrychkov/projects/svrlab.marketplace/server/routes/routes.js:4:20)
    at Module._compile (internal/modules/cjs/loader.js:689:30)
    at loader (/home/fedorrychkov/projects/svrlab.marketplace/node_modules/babel-register/lib/node.js:144:5)
    at Object.require.extensions.(anonymous function) [as .js] (/home/fedorrychkov/projects/svrlab.marketplace/node_modules/babel-register/lib/node.js:154:7)
    at Module.load (internal/modules/cjs/loader.js:599:32)
    at tryModuleLoad (internal/modules/cjs/loader.js:538:12)
    at Function.Module._load (internal/modules/cjs/loader.js:530:3)
    at Module.require (internal/modules/cjs/loader.js:637:17)
    at require (internal/modules/cjs/helpers.js:20:18)
    at Object.<anonymous> (/home/fedorrychkov/projects/svrlab.marketplace/server/app.js:4:1)
13.10.2018 03:46:50 +03:00 [err] error: uncaughtException: app.Router is not a function
TypeError: app.Router is not a function
    at Object.<anonymous> (/home/fedorrychkov/projects/svrlab.marketplace/server/routes/routes.js:5:20)
    at Module._compile (internal/modules/cjs/loader.js:689:30)
    at loader (/home/fedorrychkov/projects/svrlab.marketplace/node_modules/babel-register/lib/node.js:144:5)
    at Object.require.extensions.(anonymous function) [as .js] (/home/fedorrychkov/projects/svrlab.marketplace/node_modules/babel-register/lib/node.js:154:7)
    at Module.load (internal/modules/cjs/loader.js:599:32)
    at tryModuleLoad (internal/modules/cjs/loader.js:538:12)
    at Function.Module._load (internal/modules/cjs/loader.js:530:3)
    at Module.require (internal/modules/cjs/loader.js:637:17)
    at require (internal/modules/cjs/helpers.js:20:18)
    at Object.<anonymous> (/home/fedorrychkov/projects/svrlab.marketplace/server/app.js:4:1)
13.10.2018 03:47:27 +03:00 [err] error: uncaughtException: Cannot read property 'length' of undefined
TypeError: Cannot read property 'length' of undefined
    at pathtoRegexp (/home/fedorrychkov/projects/svrlab.marketplace/node_modules/path-to-regexp/index.js:63:49)
    at new Layer (/home/fedorrychkov/projects/svrlab.marketplace/node_modules/express/lib/router/layer.js:45:17)
    at Function.route (/home/fedorrychkov/projects/svrlab.marketplace/node_modules/express/lib/router/index.js:494:15)
    at Function.route (/home/fedorrychkov/projects/svrlab.marketplace/node_modules/express/lib/application.js:256:23)
    at Object.<anonymous> (/home/fedorrychkov/projects/svrlab.marketplace/server/routes/routes.js:5:20)
    at Module._compile (internal/modules/cjs/loader.js:689:30)
    at loader (/home/fedorrychkov/projects/svrlab.marketplace/node_modules/babel-register/lib/node.js:144:5)
    at Object.require.extensions.(anonymous function) [as .js] (/home/fedorrychkov/projects/svrlab.marketplace/node_modules/babel-register/lib/node.js:154:7)
    at Module.load (internal/modules/cjs/loader.js:599:32)
    at tryModuleLoad (internal/modules/cjs/loader.js:538:12)
13.10.2018 04:03:34 +03:00 [err] error: uncaughtException: Cannot find module 'Sequelize'
Error: Cannot find module 'Sequelize'
    at Function.Module._resolveFilename (internal/modules/cjs/loader.js:581:15)
    at Function.Module._load (internal/modules/cjs/loader.js:507:25)
    at Module.require (internal/modules/cjs/loader.js:637:17)
    at require (internal/modules/cjs/helpers.js:20:18)
    at Object.<anonymous> (/home/fedorrychkov/projects/svrlab.marketplace/server/models/users.js:2:1)
    at Module._compile (internal/modules/cjs/loader.js:689:30)
    at loader (/home/fedorrychkov/projects/svrlab.marketplace/node_modules/babel-register/lib/node.js:144:5)
    at Object.require.extensions.(anonymous function) [as .js] (/home/fedorrychkov/projects/svrlab.marketplace/node_modules/babel-register/lib/node.js:154:7)
    at Module.load (internal/modules/cjs/loader.js:599:32)
    at tryModuleLoad (internal/modules/cjs/loader.js:538:12)
13.10.2018 04:03:52 +03:00 [err] error: uncaughtException: Cannot find module 'Sequelize'
Error: Cannot find module 'Sequelize'
    at Function.Module._resolveFilename (internal/modules/cjs/loader.js:581:15)
    at Function.Module._load (internal/modules/cjs/loader.js:507:25)
    at Module.require (internal/modules/cjs/loader.js:637:17)
    at require (internal/modules/cjs/helpers.js:20:18)
    at Object.<anonymous> (/home/fedorrychkov/projects/svrlab.marketplace/server/models/users.js:2:1)
    at Module._compile (internal/modules/cjs/loader.js:689:30)
    at loader (/home/fedorrychkov/projects/svrlab.marketplace/node_modules/babel-register/lib/node.js:144:5)
    at Object.require.extensions.(anonymous function) [as .js] (/home/fedorrychkov/projects/svrlab.marketplace/node_modules/babel-register/lib/node.js:154:7)
    at Module.load (internal/modules/cjs/loader.js:599:32)
    at tryModuleLoad (internal/modules/cjs/loader.js:538:12)
13.10.2018 04:04:43 +03:00 [err] error: uncaughtException: /home/fedorrychkov/projects/svrlab.marketplace/server/models/users.js: Unexpected token (2:17)
SyntaxError: /home/fedorrychkov/projects/svrlab.marketplace/server/models/users.js: Unexpected token (2:17)
[0m [90m 1 | [39m[32m'use strict'[39m[33m;[39m
[31m[1m>[22m[39m[90m 2 | [39m[36mimport[39m [33mSequelize[39m as sequelize[33m,[39m {[33mDataTypes[39m} from [32m'sequelize'[39m[33m;[39m
 [90m   | [39m                 [31m[1m^[22m[39m
 [90m 3 | [39m
 [90m 4 | [39m[36mexport[39m [36mconst[39m [33mUsers[39m [33m=[39m () [33m=>[39m {
 [90m 5 | [39m  [36mconst[39m users [33m=[39m sequelize[33m.[39mdefine([32m'Users'[39m[33m,[39m {[0m
    at Parser.pp$5.raise (/home/fedorrychkov/projects/svrlab.marketplace/node_modules/babylon/lib/index.js:4454:13)
    at Parser.pp.unexpected (/home/fedorrychkov/projects/svrlab.marketplace/node_modules/babylon/lib/index.js:1761:8)
    at Parser.pp.expectContextual (/home/fedorrychkov/projects/svrlab.marketplace/node_modules/babylon/lib/index.js:1723:39)
    at Parser.pp$1.parseImport (/home/fedorrychkov/projects/svrlab.marketplace/node_modules/babylon/lib/index.js:2869:10)
    at Parser.pp$1.parseStatement (/home/fedorrychkov/projects/svrlab.marketplace/node_modules/babylon/lib/index.js:1884:49)
    at Parser.pp$1.parseBlockBody (/home/fedorrychkov/projects/svrlab.marketplace/node_modules/babylon/lib/index.js:2268:21)
    at Parser.pp$1.parseTopLevel (/home/fedorrychkov/projects/svrlab.marketplace/node_modules/babylon/lib/index.js:1778:8)
    at Parser.parse (/home/fedorrychkov/projects/svrlab.marketplace/node_modules/babylon/lib/index.js:1673:17)
    at parse (/home/fedorrychkov/projects/svrlab.marketplace/node_modules/babylon/lib/index.js:7305:37)
    at File.parse (/home/fedorrychkov/projects/svrlab.marketplace/node_modules/babel-core/lib/transformation/file/index.js:485:15)
13.10.2018 04:10:38 +03:00 [err] error: uncaughtException: _sequelize2.default.define is not a function
TypeError: _sequelize2.default.define is not a function
    at Object.<anonymous> (/home/fedorrychkov/projects/svrlab.marketplace/server/models/users.js:4:34)
    at Module._compile (internal/modules/cjs/loader.js:689:30)
    at loader (/home/fedorrychkov/projects/svrlab.marketplace/node_modules/babel-register/lib/node.js:144:5)
    at Object.require.extensions.(anonymous function) [as .js] (/home/fedorrychkov/projects/svrlab.marketplace/node_modules/babel-register/lib/node.js:154:7)
    at Module.load (internal/modules/cjs/loader.js:599:32)
    at tryModuleLoad (internal/modules/cjs/loader.js:538:12)
    at Function.Module._load (internal/modules/cjs/loader.js:530:3)
    at Module.require (internal/modules/cjs/loader.js:637:17)
    at require (internal/modules/cjs/helpers.js:20:18)
    at Object.<anonymous> (/home/fedorrychkov/projects/svrlab.marketplace/server/routes/routes.js:3:1)
    at Module._compile (internal/modules/cjs/loader.js:689:30)
    at loader (/home/fedorrychkov/projects/svrlab.marketplace/node_modules/babel-register/lib/node.js:144:5)
    at Object.require.extensions.(anonymous function) [as .js] (/home/fedorrychkov/projects/svrlab.marketplace/node_modules/babel-register/lib/node.js:154:7)
    at Module.load (internal/modules/cjs/loader.js:599:32)
    at tryModuleLoad (internal/modules/cjs/loader.js:538:12)
    at Function.Module._load (internal/modules/cjs/loader.js:530:3)
    at Module.require (internal/modules/cjs/loader.js:637:17)
    at require (internal/modules/cjs/helpers.js:20:18)
    at Object.<anonymous> (/home/fedorrychkov/projects/svrlab.marketplace/server/app.js:4:1)
    at Module._compile (internal/modules/cjs/loader.js:689:30)
    at loader (/home/fedorrychkov/projects/svrlab.marketplace/node_modules/babel-register/lib/node.js:144:5)
    at Object.require.extensions.(anonymous function) [as .js] (/home/fedorrychkov/projects/svrlab.marketplace/node_modules/babel-register/lib/node.js:154:7)
13.10.2018 04:10:54 +03:00 [err] error: uncaughtException: _sequelize2.default.define is not a function
TypeError: _sequelize2.default.define is not a function
    at Object.<anonymous> (/home/fedorrychkov/projects/svrlab.marketplace/server/models/users.js:4:32)
    at Module._compile (internal/modules/cjs/loader.js:689:30)
    at loader (/home/fedorrychkov/projects/svrlab.marketplace/node_modules/babel-register/lib/node.js:144:5)
    at Object.require.extensions.(anonymous function) [as .js] (/home/fedorrychkov/projects/svrlab.marketplace/node_modules/babel-register/lib/node.js:154:7)
    at Module.load (internal/modules/cjs/loader.js:599:32)
    at tryModuleLoad (internal/modules/cjs/loader.js:538:12)
    at Function.Module._load (internal/modules/cjs/loader.js:530:3)
    at Module.require (internal/modules/cjs/loader.js:637:17)
    at require (internal/modules/cjs/helpers.js:20:18)
    at Object.<anonymous> (/home/fedorrychkov/projects/svrlab.marketplace/server/routes/routes.js:3:1)
    at Module._compile (internal/modules/cjs/loader.js:689:30)
    at loader (/home/fedorrychkov/projects/svrlab.marketplace/node_modules/babel-register/lib/node.js:144:5)
    at Object.require.extensions.(anonymous function) [as .js] (/home/fedorrychkov/projects/svrlab.marketplace/node_modules/babel-register/lib/node.js:154:7)
    at Module.load (internal/modules/cjs/loader.js:599:32)
    at tryModuleLoad (internal/modules/cjs/loader.js:538:12)
    at Function.Module._load (internal/modules/cjs/loader.js:530:3)
    at Module.require (internal/modules/cjs/loader.js:637:17)
    at require (internal/modules/cjs/helpers.js:20:18)
    at Object.<anonymous> (/home/fedorrychkov/projects/svrlab.marketplace/server/app.js:4:1)
    at Module._compile (internal/modules/cjs/loader.js:689:30)
    at loader (/home/fedorrychkov/projects/svrlab.marketplace/node_modules/babel-register/lib/node.js:144:5)
    at Object.require.extensions.(anonymous function) [as .js] (/home/fedorrychkov/projects/svrlab.marketplace/node_modules/babel-register/lib/node.js:154:7)
13.10.2018 04:11:05 +03:00 [err] error: uncaughtException: _sequelize2.default.define is not a function
TypeError: _sequelize2.default.define is not a function
    at Object.<anonymous> (/home/fedorrychkov/projects/svrlab.marketplace/server/models/users.js:4:25)
    at Module._compile (internal/modules/cjs/loader.js:689:30)
    at loader (/home/fedorrychkov/projects/svrlab.marketplace/node_modules/babel-register/lib/node.js:144:5)
    at Object.require.extensions.(anonymous function) [as .js] (/home/fedorrychkov/projects/svrlab.marketplace/node_modules/babel-register/lib/node.js:154:7)
    at Module.load (internal/modules/cjs/loader.js:599:32)
    at tryModuleLoad (internal/modules/cjs/loader.js:538:12)
    at Function.Module._load (internal/modules/cjs/loader.js:530:3)
    at Module.require (internal/modules/cjs/loader.js:637:17)
    at require (internal/modules/cjs/helpers.js:20:18)
    at Object.<anonymous> (/home/fedorrychkov/projects/svrlab.marketplace/server/routes/routes.js:3:1)
    at Module._compile (internal/modules/cjs/loader.js:689:30)
    at loader (/home/fedorrychkov/projects/svrlab.marketplace/node_modules/babel-register/lib/node.js:144:5)
    at Object.require.extensions.(anonymous function) [as .js] (/home/fedorrychkov/projects/svrlab.marketplace/node_modules/babel-register/lib/node.js:154:7)
    at Module.load (internal/modules/cjs/loader.js:599:32)
    at tryModuleLoad (internal/modules/cjs/loader.js:538:12)
    at Function.Module._load (internal/modules/cjs/loader.js:530:3)
    at Module.require (internal/modules/cjs/loader.js:637:17)
    at require (internal/modules/cjs/helpers.js:20:18)
    at Object.<anonymous> (/home/fedorrychkov/projects/svrlab.marketplace/server/app.js:4:1)
    at Module._compile (internal/modules/cjs/loader.js:689:30)
    at loader (/home/fedorrychkov/projects/svrlab.marketplace/node_modules/babel-register/lib/node.js:144:5)
    at Object.require.extensions.(anonymous function) [as .js] (/home/fedorrychkov/projects/svrlab.marketplace/node_modules/babel-register/lib/node.js:154:7)
13.10.2018 04:11:17 +03:00 [err] error: uncaughtException: _sequelize2.default.define is not a function
TypeError: _sequelize2.default.define is not a function
    at Object.<anonymous> (/home/fedorrychkov/projects/svrlab.marketplace/server/models/users.js:4:25)
    at Module._compile (internal/modules/cjs/loader.js:689:30)
    at loader (/home/fedorrychkov/projects/svrlab.marketplace/node_modules/babel-register/lib/node.js:144:5)
    at Object.require.extensions.(anonymous function) [as .js] (/home/fedorrychkov/projects/svrlab.marketplace/node_modules/babel-register/lib/node.js:154:7)
    at Module.load (internal/modules/cjs/loader.js:599:32)
    at tryModuleLoad (internal/modules/cjs/loader.js:538:12)
    at Function.Module._load (internal/modules/cjs/loader.js:530:3)
    at Module.require (internal/modules/cjs/loader.js:637:17)
    at require (internal/modules/cjs/helpers.js:20:18)
    at Object.<anonymous> (/home/fedorrychkov/projects/svrlab.marketplace/server/routes/routes.js:3:1)
    at Module._compile (internal/modules/cjs/loader.js:689:30)
    at loader (/home/fedorrychkov/projects/svrlab.marketplace/node_modules/babel-register/lib/node.js:144:5)
    at Object.require.extensions.(anonymous function) [as .js] (/home/fedorrychkov/projects/svrlab.marketplace/node_modules/babel-register/lib/node.js:154:7)
    at Module.load (internal/modules/cjs/loader.js:599:32)
    at tryModuleLoad (internal/modules/cjs/loader.js:538:12)
    at Function.Module._load (internal/modules/cjs/loader.js:530:3)
    at Module.require (internal/modules/cjs/loader.js:637:17)
    at require (internal/modules/cjs/helpers.js:20:18)
    at Object.<anonymous> (/home/fedorrychkov/projects/svrlab.marketplace/server/app.js:4:1)
    at Module._compile (internal/modules/cjs/loader.js:689:30)
    at loader (/home/fedorrychkov/projects/svrlab.marketplace/node_modules/babel-register/lib/node.js:144:5)
    at Object.require.extensions.(anonymous function) [as .js] (/home/fedorrychkov/projects/svrlab.marketplace/node_modules/babel-register/lib/node.js:154:7)
13.10.2018 04:21:40 +03:00 [err] error: uncaughtException: Cannot read property 'define' of undefined
TypeError: Cannot read property 'define' of undefined
    at new module.exports (/home/fedorrychkov/projects/svrlab.marketplace/server/models/users.js:3:27)
    at Object.<anonymous> (/home/fedorrychkov/projects/svrlab.marketplace/server/routes/routes.js:5:15)
    at Module._compile (internal/modules/cjs/loader.js:689:30)
    at loader (/home/fedorrychkov/projects/svrlab.marketplace/node_modules/babel-register/lib/node.js:144:5)
    at Object.require.extensions.(anonymous function) [as .js] (/home/fedorrychkov/projects/svrlab.marketplace/node_modules/babel-register/lib/node.js:154:7)
    at Module.load (internal/modules/cjs/loader.js:599:32)
    at tryModuleLoad (internal/modules/cjs/loader.js:538:12)
    at Function.Module._load (internal/modules/cjs/loader.js:530:3)
    at Module.require (internal/modules/cjs/loader.js:637:17)
    at require (internal/modules/cjs/helpers.js:20:18)
    at Object.<anonymous> (/home/fedorrychkov/projects/svrlab.marketplace/server/app.js:4:1)
    at Module._compile (internal/modules/cjs/loader.js:689:30)
    at loader (/home/fedorrychkov/projects/svrlab.marketplace/node_modules/babel-register/lib/node.js:144:5)
    at Object.require.extensions.(anonymous function) [as .js] (/home/fedorrychkov/projects/svrlab.marketplace/node_modules/babel-register/lib/node.js:154:7)
    at Module.load (internal/modules/cjs/loader.js:599:32)
    at tryModuleLoad (internal/modules/cjs/loader.js:538:12)
    at Function.Module._load (internal/modules/cjs/loader.js:530:3)
    at Module.require (internal/modules/cjs/loader.js:637:17)
    at require (internal/modules/cjs/helpers.js:20:18)
    at Object.<anonymous> (/home/fedorrychkov/projects/svrlab.marketplace/server/index.js:7:1)
    at Module._compile (internal/modules/cjs/loader.js:689:30)
    at Object.Module._extensions..js (internal/modules/cjs/loader.js:700:10)
13.10.2018 04:23:18 +03:00 [err] error: uncaughtException: Class constructor Model cannot be invoked without 'new'
TypeError: Class constructor Model cannot be invoked without 'new'
    at new Users (/home/fedorrychkov/projects/svrlab.marketplace/server/models/users.js:42:117)
    at Object.<anonymous> (/home/fedorrychkov/projects/svrlab.marketplace/server/routes/routes.js:5:15)
    at Module._compile (internal/modules/cjs/loader.js:689:30)
    at loader (/home/fedorrychkov/projects/svrlab.marketplace/node_modules/babel-register/lib/node.js:144:5)
    at Object.require.extensions.(anonymous function) [as .js] (/home/fedorrychkov/projects/svrlab.marketplace/node_modules/babel-register/lib/node.js:154:7)
    at Module.load (internal/modules/cjs/loader.js:599:32)
    at tryModuleLoad (internal/modules/cjs/loader.js:538:12)
    at Function.Module._load (internal/modules/cjs/loader.js:530:3)
    at Module.require (internal/modules/cjs/loader.js:637:17)
    at require (internal/modules/cjs/helpers.js:20:18)
    at Object.<anonymous> (/home/fedorrychkov/projects/svrlab.marketplace/server/app.js:4:1)
    at Module._compile (internal/modules/cjs/loader.js:689:30)
    at loader (/home/fedorrychkov/projects/svrlab.marketplace/node_modules/babel-register/lib/node.js:144:5)
    at Object.require.extensions.(anonymous function) [as .js] (/home/fedorrychkov/projects/svrlab.marketplace/node_modules/babel-register/lib/node.js:154:7)
    at Module.load (internal/modules/cjs/loader.js:599:32)
    at tryModuleLoad (internal/modules/cjs/loader.js:538:12)
    at Function.Module._load (internal/modules/cjs/loader.js:530:3)
    at Module.require (internal/modules/cjs/loader.js:637:17)
    at require (internal/modules/cjs/helpers.js:20:18)
    at Object.<anonymous> (/home/fedorrychkov/projects/svrlab.marketplace/server/index.js:7:1)
    at Module._compile (internal/modules/cjs/loader.js:689:30)
    at Object.Module._extensions..js (internal/modules/cjs/loader.js:700:10)
13.10.2018 04:23:57 +03:00 [err] error: uncaughtException: Dialect needs to be explicitly supplied as of v4.0.0
Error: Dialect needs to be explicitly supplied as of v4.0.0
    at new Sequelize (/home/fedorrychkov/projects/svrlab.marketplace/node_modules/sequelize/lib/sequelize.js:181:13)
    at Object.<anonymous> (/home/fedorrychkov/projects/svrlab.marketplace/server/models/users.js:4:19)
    at Module._compile (internal/modules/cjs/loader.js:689:30)
    at loader (/home/fedorrychkov/projects/svrlab.marketplace/node_modules/babel-register/lib/node.js:144:5)
    at Object.require.extensions.(anonymous function) [as .js] (/home/fedorrychkov/projects/svrlab.marketplace/node_modules/babel-register/lib/node.js:154:7)
    at Module.load (internal/modules/cjs/loader.js:599:32)
    at tryModuleLoad (internal/modules/cjs/loader.js:538:12)
    at Function.Module._load (internal/modules/cjs/loader.js:530:3)
    at Module.require (internal/modules/cjs/loader.js:637:17)
    at require (internal/modules/cjs/helpers.js:20:18)
    at Object.<anonymous> (/home/fedorrychkov/projects/svrlab.marketplace/server/routes/routes.js:3:1)
    at Module._compile (internal/modules/cjs/loader.js:689:30)
    at loader (/home/fedorrychkov/projects/svrlab.marketplace/node_modules/babel-register/lib/node.js:144:5)
    at Object.require.extensions.(anonymous function) [as .js] (/home/fedorrychkov/projects/svrlab.marketplace/node_modules/babel-register/lib/node.js:154:7)
    at Module.load (internal/modules/cjs/loader.js:599:32)
    at tryModuleLoad (internal/modules/cjs/loader.js:538:12)
    at Function.Module._load (internal/modules/cjs/loader.js:530:3)
    at Module.require (internal/modules/cjs/loader.js:637:17)
    at require (internal/modules/cjs/helpers.js:20:18)
    at Object.<anonymous> (/home/fedorrychkov/projects/svrlab.marketplace/server/app.js:4:1)
    at Module._compile (internal/modules/cjs/loader.js:689:30)
    at loader (/home/fedorrychkov/projects/svrlab.marketplace/node_modules/babel-register/lib/node.js:144:5)
13.10.2018 04:25:27 +03:00 [err] error: uncaughtException: Class constructor Model cannot be invoked without 'new'
TypeError: Class constructor Model cannot be invoked without 'new'
    at new Users (/home/fedorrychkov/projects/svrlab.marketplace/server/models/users.js:42:117)
    at Object.<anonymous> (/home/fedorrychkov/projects/svrlab.marketplace/server/routes/routes.js:5:15)
    at Module._compile (internal/modules/cjs/loader.js:689:30)
    at loader (/home/fedorrychkov/projects/svrlab.marketplace/node_modules/babel-register/lib/node.js:144:5)
    at Object.require.extensions.(anonymous function) [as .js] (/home/fedorrychkov/projects/svrlab.marketplace/node_modules/babel-register/lib/node.js:154:7)
    at Module.load (internal/modules/cjs/loader.js:599:32)
    at tryModuleLoad (internal/modules/cjs/loader.js:538:12)
    at Function.Module._load (internal/modules/cjs/loader.js:530:3)
    at Module.require (internal/modules/cjs/loader.js:637:17)
    at require (internal/modules/cjs/helpers.js:20:18)
    at Object.<anonymous> (/home/fedorrychkov/projects/svrlab.marketplace/server/app.js:4:1)
    at Module._compile (internal/modules/cjs/loader.js:689:30)
    at loader (/home/fedorrychkov/projects/svrlab.marketplace/node_modules/babel-register/lib/node.js:144:5)
    at Object.require.extensions.(anonymous function) [as .js] (/home/fedorrychkov/projects/svrlab.marketplace/node_modules/babel-register/lib/node.js:154:7)
    at Module.load (internal/modules/cjs/loader.js:599:32)
    at tryModuleLoad (internal/modules/cjs/loader.js:538:12)
    at Function.Module._load (internal/modules/cjs/loader.js:530:3)
    at Module.require (internal/modules/cjs/loader.js:637:17)
    at require (internal/modules/cjs/helpers.js:20:18)
    at Object.<anonymous> (/home/fedorrychkov/projects/svrlab.marketplace/server/index.js:7:1)
    at Module._compile (internal/modules/cjs/loader.js:689:30)
    at Object.Module._extensions..js (internal/modules/cjs/loader.js:700:10)
13.10.2018 04:40:34 +03:00 [err] error: uncaughtException: Class constructor Model cannot be invoked without 'new'
TypeError: Class constructor Model cannot be invoked without 'new'
    at new Users (/home/fedorrychkov/projects/svrlab.marketplace/server/models/users.js:42:117)
    at Object.<anonymous> (/home/fedorrychkov/projects/svrlab.marketplace/server/routes/routes.js:5:15)
    at Module._compile (internal/modules/cjs/loader.js:689:30)
    at loader (/home/fedorrychkov/projects/svrlab.marketplace/node_modules/babel-register/lib/node.js:144:5)
    at Object.require.extensions.(anonymous function) [as .js] (/home/fedorrychkov/projects/svrlab.marketplace/node_modules/babel-register/lib/node.js:154:7)
    at Module.load (internal/modules/cjs/loader.js:599:32)
    at tryModuleLoad (internal/modules/cjs/loader.js:538:12)
    at Function.Module._load (internal/modules/cjs/loader.js:530:3)
    at Module.require (internal/modules/cjs/loader.js:637:17)
    at require (internal/modules/cjs/helpers.js:20:18)
    at Object.<anonymous> (/home/fedorrychkov/projects/svrlab.marketplace/server/app.js:4:1)
    at Module._compile (internal/modules/cjs/loader.js:689:30)
    at loader (/home/fedorrychkov/projects/svrlab.marketplace/node_modules/babel-register/lib/node.js:144:5)
    at Object.require.extensions.(anonymous function) [as .js] (/home/fedorrychkov/projects/svrlab.marketplace/node_modules/babel-register/lib/node.js:154:7)
    at Module.load (internal/modules/cjs/loader.js:599:32)
    at tryModuleLoad (internal/modules/cjs/loader.js:538:12)
    at Function.Module._load (internal/modules/cjs/loader.js:530:3)
    at Module.require (internal/modules/cjs/loader.js:637:17)
    at require (internal/modules/cjs/helpers.js:20:18)
    at Object.<anonymous> (/home/fedorrychkov/projects/svrlab.marketplace/server/index.js:7:1)
    at Module._compile (internal/modules/cjs/loader.js:689:30)
    at Object.Module._extensions..js (internal/modules/cjs/loader.js:700:10)
13.10.2018 04:42:48 +03:00 [err] error: uncaughtException: Class constructor Model cannot be invoked without 'new'
TypeError: Class constructor Model cannot be invoked without 'new'
    at new Users (/home/fedorrychkov/projects/svrlab.marketplace/server/models/users.js:42:117)
    at Object.<anonymous> (/home/fedorrychkov/projects/svrlab.marketplace/server/routes/routes.js:5:15)
    at Module._compile (internal/modules/cjs/loader.js:689:30)
    at loader (/home/fedorrychkov/projects/svrlab.marketplace/node_modules/babel-register/lib/node.js:144:5)
    at Object.require.extensions.(anonymous function) [as .js] (/home/fedorrychkov/projects/svrlab.marketplace/node_modules/babel-register/lib/node.js:154:7)
    at Module.load (internal/modules/cjs/loader.js:599:32)
    at tryModuleLoad (internal/modules/cjs/loader.js:538:12)
    at Function.Module._load (internal/modules/cjs/loader.js:530:3)
    at Module.require (internal/modules/cjs/loader.js:637:17)
    at require (internal/modules/cjs/helpers.js:20:18)
    at Object.<anonymous> (/home/fedorrychkov/projects/svrlab.marketplace/server/app.js:4:1)
    at Module._compile (internal/modules/cjs/loader.js:689:30)
    at loader (/home/fedorrychkov/projects/svrlab.marketplace/node_modules/babel-register/lib/node.js:144:5)
    at Object.require.extensions.(anonymous function) [as .js] (/home/fedorrychkov/projects/svrlab.marketplace/node_modules/babel-register/lib/node.js:154:7)
    at Module.load (internal/modules/cjs/loader.js:599:32)
    at tryModuleLoad (internal/modules/cjs/loader.js:538:12)
    at Function.Module._load (internal/modules/cjs/loader.js:530:3)
    at Module.require (internal/modules/cjs/loader.js:637:17)
    at require (internal/modules/cjs/helpers.js:20:18)
    at Object.<anonymous> (/home/fedorrychkov/projects/svrlab.marketplace/server/index.js:7:1)
    at Module._compile (internal/modules/cjs/loader.js:689:30)
    at Object.Module._extensions..js (internal/modules/cjs/loader.js:700:10)
13.10.2018 04:43:43 +03:00 [err] error: uncaughtException: Cannot read property 'createdAt' of undefined
TypeError: Cannot read property 'createdAt' of undefined
    at Model._initValues (/home/fedorrychkov/projects/svrlab.marketplace/node_modules/sequelize/lib/model.js:3133:49)
    at new Model (/home/fedorrychkov/projects/svrlab.marketplace/node_modules/sequelize/lib/model.js:3107:10)
    at Object.<anonymous> (/home/fedorrychkov/projects/svrlab.marketplace/server/models/users.js:3:15)
    at Module._compile (internal/modules/cjs/loader.js:689:30)
    at loader (/home/fedorrychkov/projects/svrlab.marketplace/node_modules/babel-register/lib/node.js:144:5)
    at Object.require.extensions.(anonymous function) [as .js] (/home/fedorrychkov/projects/svrlab.marketplace/node_modules/babel-register/lib/node.js:154:7)
    at Module.load (internal/modules/cjs/loader.js:599:32)
    at tryModuleLoad (internal/modules/cjs/loader.js:538:12)
    at Function.Module._load (internal/modules/cjs/loader.js:530:3)
    at Module.require (internal/modules/cjs/loader.js:637:17)
    at require (internal/modules/cjs/helpers.js:20:18)
    at Object.<anonymous> (/home/fedorrychkov/projects/svrlab.marketplace/server/routes/routes.js:3:1)
    at Module._compile (internal/modules/cjs/loader.js:689:30)
    at loader (/home/fedorrychkov/projects/svrlab.marketplace/node_modules/babel-register/lib/node.js:144:5)
    at Object.require.extensions.(anonymous function) [as .js] (/home/fedorrychkov/projects/svrlab.marketplace/node_modules/babel-register/lib/node.js:154:7)
    at Module.load (internal/modules/cjs/loader.js:599:32)
    at tryModuleLoad (internal/modules/cjs/loader.js:538:12)
    at Function.Module._load (internal/modules/cjs/loader.js:530:3)
    at Module.require (internal/modules/cjs/loader.js:637:17)
    at require (internal/modules/cjs/helpers.js:20:18)
    at Object.<anonymous> (/home/fedorrychkov/projects/svrlab.marketplace/server/app.js:4:1)
    at Module._compile (internal/modules/cjs/loader.js:689:30)
13.10.2018 04:43:48 +03:00 [err] error: uncaughtException: Cannot read property 'createdAt' of undefined
TypeError: Cannot read property 'createdAt' of undefined
    at Model._initValues (/home/fedorrychkov/projects/svrlab.marketplace/node_modules/sequelize/lib/model.js:3133:49)
    at new Model (/home/fedorrychkov/projects/svrlab.marketplace/node_modules/sequelize/lib/model.js:3107:10)
    at Object.<anonymous> (/home/fedorrychkov/projects/svrlab.marketplace/server/models/users.js:3:15)
    at Module._compile (internal/modules/cjs/loader.js:689:30)
    at loader (/home/fedorrychkov/projects/svrlab.marketplace/node_modules/babel-register/lib/node.js:144:5)
    at Object.require.extensions.(anonymous function) [as .js] (/home/fedorrychkov/projects/svrlab.marketplace/node_modules/babel-register/lib/node.js:154:7)
    at Module.load (internal/modules/cjs/loader.js:599:32)
    at tryModuleLoad (internal/modules/cjs/loader.js:538:12)
    at Function.Module._load (internal/modules/cjs/loader.js:530:3)
    at Module.require (internal/modules/cjs/loader.js:637:17)
    at require (internal/modules/cjs/helpers.js:20:18)
    at Object.<anonymous> (/home/fedorrychkov/projects/svrlab.marketplace/server/routes/routes.js:3:1)
    at Module._compile (internal/modules/cjs/loader.js:689:30)
    at loader (/home/fedorrychkov/projects/svrlab.marketplace/node_modules/babel-register/lib/node.js:144:5)
    at Object.require.extensions.(anonymous function) [as .js] (/home/fedorrychkov/projects/svrlab.marketplace/node_modules/babel-register/lib/node.js:154:7)
    at Module.load (internal/modules/cjs/loader.js:599:32)
    at tryModuleLoad (internal/modules/cjs/loader.js:538:12)
    at Function.Module._load (internal/modules/cjs/loader.js:530:3)
    at Module.require (internal/modules/cjs/loader.js:637:17)
    at require (internal/modules/cjs/helpers.js:20:18)
    at Object.<anonymous> (/home/fedorrychkov/projects/svrlab.marketplace/server/app.js:4:1)
    at Module._compile (internal/modules/cjs/loader.js:689:30)
13.10.2018 04:44:54 +03:00 [err] error: uncaughtException: Cannot read property 'createdAt' of undefined
TypeError: Cannot read property 'createdAt' of undefined
    at Model._initValues (/home/fedorrychkov/projects/svrlab.marketplace/node_modules/sequelize/lib/model.js:3133:49)
    at new Model (/home/fedorrychkov/projects/svrlab.marketplace/node_modules/sequelize/lib/model.js:3107:10)
    at Object.<anonymous> (/home/fedorrychkov/projects/svrlab.marketplace/server/models/users.js:3:15)
    at Module._compile (internal/modules/cjs/loader.js:689:30)
    at loader (/home/fedorrychkov/projects/svrlab.marketplace/node_modules/babel-register/lib/node.js:144:5)
    at Object.require.extensions.(anonymous function) [as .js] (/home/fedorrychkov/projects/svrlab.marketplace/node_modules/babel-register/lib/node.js:154:7)
    at Module.load (internal/modules/cjs/loader.js:599:32)
    at tryModuleLoad (internal/modules/cjs/loader.js:538:12)
    at Function.Module._load (internal/modules/cjs/loader.js:530:3)
    at Module.require (internal/modules/cjs/loader.js:637:17)
    at require (internal/modules/cjs/helpers.js:20:18)
    at Object.<anonymous> (/home/fedorrychkov/projects/svrlab.marketplace/server/routes/routes.js:3:1)
    at Module._compile (internal/modules/cjs/loader.js:689:30)
    at loader (/home/fedorrychkov/projects/svrlab.marketplace/node_modules/babel-register/lib/node.js:144:5)
    at Object.require.extensions.(anonymous function) [as .js] (/home/fedorrychkov/projects/svrlab.marketplace/node_modules/babel-register/lib/node.js:154:7)
    at Module.load (internal/modules/cjs/loader.js:599:32)
    at tryModuleLoad (internal/modules/cjs/loader.js:538:12)
    at Function.Module._load (internal/modules/cjs/loader.js:530:3)
    at Module.require (internal/modules/cjs/loader.js:637:17)
    at require (internal/modules/cjs/helpers.js:20:18)
    at Object.<anonymous> (/home/fedorrychkov/projects/svrlab.marketplace/server/app.js:4:1)
    at Module._compile (internal/modules/cjs/loader.js:689:30)
13.10.2018 04:45:15 +03:00 [err] error: uncaughtException: Cannot read property 'createdAt' of undefined
TypeError: Cannot read property 'createdAt' of undefined
    at Model._initValues (/home/fedorrychkov/projects/svrlab.marketplace/node_modules/sequelize/lib/model.js:3133:49)
    at new Model (/home/fedorrychkov/projects/svrlab.marketplace/node_modules/sequelize/lib/model.js:3107:10)
    at Object.<anonymous> (/home/fedorrychkov/projects/svrlab.marketplace/server/models/users.js:3:15)
    at Module._compile (internal/modules/cjs/loader.js:689:30)
    at loader (/home/fedorrychkov/projects/svrlab.marketplace/node_modules/babel-register/lib/node.js:144:5)
    at Object.require.extensions.(anonymous function) [as .js] (/home/fedorrychkov/projects/svrlab.marketplace/node_modules/babel-register/lib/node.js:154:7)
    at Module.load (internal/modules/cjs/loader.js:599:32)
    at tryModuleLoad (internal/modules/cjs/loader.js:538:12)
    at Function.Module._load (internal/modules/cjs/loader.js:530:3)
    at Module.require (internal/modules/cjs/loader.js:637:17)
    at require (internal/modules/cjs/helpers.js:20:18)
    at Object.<anonymous> (/home/fedorrychkov/projects/svrlab.marketplace/server/routes/routes.js:3:1)
    at Module._compile (internal/modules/cjs/loader.js:689:30)
    at loader (/home/fedorrychkov/projects/svrlab.marketplace/node_modules/babel-register/lib/node.js:144:5)
    at Object.require.extensions.(anonymous function) [as .js] (/home/fedorrychkov/projects/svrlab.marketplace/node_modules/babel-register/lib/node.js:154:7)
    at Module.load (internal/modules/cjs/loader.js:599:32)
    at tryModuleLoad (internal/modules/cjs/loader.js:538:12)
    at Function.Module._load (internal/modules/cjs/loader.js:530:3)
    at Module.require (internal/modules/cjs/loader.js:637:17)
    at require (internal/modules/cjs/helpers.js:20:18)
    at Object.<anonymous> (/home/fedorrychkov/projects/svrlab.marketplace/server/app.js:4:1)
    at Module._compile (internal/modules/cjs/loader.js:689:30)
13.10.2018 04:45:35 +03:00 [err] error: uncaughtException: Cannot read property 'createdAt' of undefined
TypeError: Cannot read property 'createdAt' of undefined
    at Model._initValues (/home/fedorrychkov/projects/svrlab.marketplace/node_modules/sequelize/lib/model.js:3133:49)
    at new Model (/home/fedorrychkov/projects/svrlab.marketplace/node_modules/sequelize/lib/model.js:3107:10)
    at Object.<anonymous> (/home/fedorrychkov/projects/svrlab.marketplace/server/models/users.js:3:15)
    at Module._compile (internal/modules/cjs/loader.js:689:30)
    at loader (/home/fedorrychkov/projects/svrlab.marketplace/node_modules/babel-register/lib/node.js:144:5)
    at Object.require.extensions.(anonymous function) [as .js] (/home/fedorrychkov/projects/svrlab.marketplace/node_modules/babel-register/lib/node.js:154:7)
    at Module.load (internal/modules/cjs/loader.js:599:32)
    at tryModuleLoad (internal/modules/cjs/loader.js:538:12)
    at Function.Module._load (internal/modules/cjs/loader.js:530:3)
    at Module.require (internal/modules/cjs/loader.js:637:17)
    at require (internal/modules/cjs/helpers.js:20:18)
    at Object.<anonymous> (/home/fedorrychkov/projects/svrlab.marketplace/server/routes/routes.js:3:1)
    at Module._compile (internal/modules/cjs/loader.js:689:30)
    at loader (/home/fedorrychkov/projects/svrlab.marketplace/node_modules/babel-register/lib/node.js:144:5)
    at Object.require.extensions.(anonymous function) [as .js] (/home/fedorrychkov/projects/svrlab.marketplace/node_modules/babel-register/lib/node.js:154:7)
    at Module.load (internal/modules/cjs/loader.js:599:32)
    at tryModuleLoad (internal/modules/cjs/loader.js:538:12)
    at Function.Module._load (internal/modules/cjs/loader.js:530:3)
    at Module.require (internal/modules/cjs/loader.js:637:17)
    at require (internal/modules/cjs/helpers.js:20:18)
    at Object.<anonymous> (/home/fedorrychkov/projects/svrlab.marketplace/server/app.js:4:1)
    at Module._compile (internal/modules/cjs/loader.js:689:30)
13.10.2018 04:45:47 +03:00 [err] error: uncaughtException: Cannot read property 'createdAt' of undefined
TypeError: Cannot read property 'createdAt' of undefined
    at Model._initValues (/home/fedorrychkov/projects/svrlab.marketplace/node_modules/sequelize/lib/model.js:3133:49)
    at new Model (/home/fedorrychkov/projects/svrlab.marketplace/node_modules/sequelize/lib/model.js:3107:10)
    at Object.<anonymous> (/home/fedorrychkov/projects/svrlab.marketplace/server/models/users.js:3:15)
    at Module._compile (internal/modules/cjs/loader.js:689:30)
    at loader (/home/fedorrychkov/projects/svrlab.marketplace/node_modules/babel-register/lib/node.js:144:5)
    at Object.require.extensions.(anonymous function) [as .js] (/home/fedorrychkov/projects/svrlab.marketplace/node_modules/babel-register/lib/node.js:154:7)
    at Module.load (internal/modules/cjs/loader.js:599:32)
    at tryModuleLoad (internal/modules/cjs/loader.js:538:12)
    at Function.Module._load (internal/modules/cjs/loader.js:530:3)
    at Module.require (internal/modules/cjs/loader.js:637:17)
    at require (internal/modules/cjs/helpers.js:20:18)
    at Object.<anonymous> (/home/fedorrychkov/projects/svrlab.marketplace/server/routes/routes.js:3:1)
    at Module._compile (internal/modules/cjs/loader.js:689:30)
    at loader (/home/fedorrychkov/projects/svrlab.marketplace/node_modules/babel-register/lib/node.js:144:5)
    at Object.require.extensions.(anonymous function) [as .js] (/home/fedorrychkov/projects/svrlab.marketplace/node_modules/babel-register/lib/node.js:154:7)
    at Module.load (internal/modules/cjs/loader.js:599:32)
    at tryModuleLoad (internal/modules/cjs/loader.js:538:12)
    at Function.Module._load (internal/modules/cjs/loader.js:530:3)
    at Module.require (internal/modules/cjs/loader.js:637:17)
    at require (internal/modules/cjs/helpers.js:20:18)
    at Object.<anonymous> (/home/fedorrychkov/projects/svrlab.marketplace/server/app.js:4:1)
    at Module._compile (internal/modules/cjs/loader.js:689:30)
13.10.2018 04:46:11 +03:00 [err] error: uncaughtException: Cannot read property 'createdAt' of undefined
TypeError: Cannot read property 'createdAt' of undefined
    at Model._initValues (/home/fedorrychkov/projects/svrlab.marketplace/node_modules/sequelize/lib/model.js:3133:49)
    at new Model (/home/fedorrychkov/projects/svrlab.marketplace/node_modules/sequelize/lib/model.js:3107:10)
    at Object.<anonymous> (/home/fedorrychkov/projects/svrlab.marketplace/server/models/users.js:3:15)
    at Module._compile (internal/modules/cjs/loader.js:689:30)
    at loader (/home/fedorrychkov/projects/svrlab.marketplace/node_modules/babel-register/lib/node.js:144:5)
    at Object.require.extensions.(anonymous function) [as .js] (/home/fedorrychkov/projects/svrlab.marketplace/node_modules/babel-register/lib/node.js:154:7)
    at Module.load (internal/modules/cjs/loader.js:599:32)
    at tryModuleLoad (internal/modules/cjs/loader.js:538:12)
    at Function.Module._load (internal/modules/cjs/loader.js:530:3)
    at Module.require (internal/modules/cjs/loader.js:637:17)
    at require (internal/modules/cjs/helpers.js:20:18)
    at Object.<anonymous> (/home/fedorrychkov/projects/svrlab.marketplace/server/routes/routes.js:3:1)
    at Module._compile (internal/modules/cjs/loader.js:689:30)
    at loader (/home/fedorrychkov/projects/svrlab.marketplace/node_modules/babel-register/lib/node.js:144:5)
    at Object.require.extensions.(anonymous function) [as .js] (/home/fedorrychkov/projects/svrlab.marketplace/node_modules/babel-register/lib/node.js:154:7)
    at Module.load (internal/modules/cjs/loader.js:599:32)
    at tryModuleLoad (internal/modules/cjs/loader.js:538:12)
    at Function.Module._load (internal/modules/cjs/loader.js:530:3)
    at Module.require (internal/modules/cjs/loader.js:637:17)
    at require (internal/modules/cjs/helpers.js:20:18)
    at Object.<anonymous> (/home/fedorrychkov/projects/svrlab.marketplace/server/app.js:4:1)
    at Module._compile (internal/modules/cjs/loader.js:689:30)
13.10.2018 04:46:15 +03:00 [err] error: uncaughtException: Cannot read property 'createdAt' of undefined
TypeError: Cannot read property 'createdAt' of undefined
    at Model._initValues (/home/fedorrychkov/projects/svrlab.marketplace/node_modules/sequelize/lib/model.js:3133:49)
    at new Model (/home/fedorrychkov/projects/svrlab.marketplace/node_modules/sequelize/lib/model.js:3107:10)
    at Object.<anonymous> (/home/fedorrychkov/projects/svrlab.marketplace/server/models/users.js:4:15)
    at Module._compile (internal/modules/cjs/loader.js:689:30)
    at loader (/home/fedorrychkov/projects/svrlab.marketplace/node_modules/babel-register/lib/node.js:144:5)
    at Object.require.extensions.(anonymous function) [as .js] (/home/fedorrychkov/projects/svrlab.marketplace/node_modules/babel-register/lib/node.js:154:7)
    at Module.load (internal/modules/cjs/loader.js:599:32)
    at tryModuleLoad (internal/modules/cjs/loader.js:538:12)
    at Function.Module._load (internal/modules/cjs/loader.js:530:3)
    at Module.require (internal/modules/cjs/loader.js:637:17)
    at require (internal/modules/cjs/helpers.js:20:18)
    at Object.<anonymous> (/home/fedorrychkov/projects/svrlab.marketplace/server/routes/routes.js:3:1)
    at Module._compile (internal/modules/cjs/loader.js:689:30)
    at loader (/home/fedorrychkov/projects/svrlab.marketplace/node_modules/babel-register/lib/node.js:144:5)
    at Object.require.extensions.(anonymous function) [as .js] (/home/fedorrychkov/projects/svrlab.marketplace/node_modules/babel-register/lib/node.js:154:7)
    at Module.load (internal/modules/cjs/loader.js:599:32)
    at tryModuleLoad (internal/modules/cjs/loader.js:538:12)
    at Function.Module._load (internal/modules/cjs/loader.js:530:3)
    at Module.require (internal/modules/cjs/loader.js:637:17)
    at require (internal/modules/cjs/helpers.js:20:18)
    at Object.<anonymous> (/home/fedorrychkov/projects/svrlab.marketplace/server/app.js:4:1)
    at Module._compile (internal/modules/cjs/loader.js:689:30)
13.10.2018 04:46:27 +03:00 [err] error: uncaughtException: Cannot read property 'createdAt' of undefined
TypeError: Cannot read property 'createdAt' of undefined
    at Model._initValues (/home/fedorrychkov/projects/svrlab.marketplace/node_modules/sequelize/lib/model.js:3133:49)
    at new Model (/home/fedorrychkov/projects/svrlab.marketplace/node_modules/sequelize/lib/model.js:3107:10)
    at Object.<anonymous> (/home/fedorrychkov/projects/svrlab.marketplace/server/models/users.js:4:15)
    at Module._compile (internal/modules/cjs/loader.js:689:30)
    at loader (/home/fedorrychkov/projects/svrlab.marketplace/node_modules/babel-register/lib/node.js:144:5)
    at Object.require.extensions.(anonymous function) [as .js] (/home/fedorrychkov/projects/svrlab.marketplace/node_modules/babel-register/lib/node.js:154:7)
    at Module.load (internal/modules/cjs/loader.js:599:32)
    at tryModuleLoad (internal/modules/cjs/loader.js:538:12)
    at Function.Module._load (internal/modules/cjs/loader.js:530:3)
    at Module.require (internal/modules/cjs/loader.js:637:17)
    at require (internal/modules/cjs/helpers.js:20:18)
    at Object.<anonymous> (/home/fedorrychkov/projects/svrlab.marketplace/server/routes/routes.js:3:1)
    at Module._compile (internal/modules/cjs/loader.js:689:30)
    at loader (/home/fedorrychkov/projects/svrlab.marketplace/node_modules/babel-register/lib/node.js:144:5)
    at Object.require.extensions.(anonymous function) [as .js] (/home/fedorrychkov/projects/svrlab.marketplace/node_modules/babel-register/lib/node.js:154:7)
    at Module.load (internal/modules/cjs/loader.js:599:32)
    at tryModuleLoad (internal/modules/cjs/loader.js:538:12)
    at Function.Module._load (internal/modules/cjs/loader.js:530:3)
    at Module.require (internal/modules/cjs/loader.js:637:17)
    at require (internal/modules/cjs/helpers.js:20:18)
    at Object.<anonymous> (/home/fedorrychkov/projects/svrlab.marketplace/server/app.js:4:1)
    at Module._compile (internal/modules/cjs/loader.js:689:30)
13.10.2018 04:51:04 +03:00 [err] error: uncaughtException: Cannot read property 'createdAt' of undefined
TypeError: Cannot read property 'createdAt' of undefined
    at Model._initValues (/home/fedorrychkov/projects/svrlab.marketplace/node_modules/sequelize/lib/model.js:3133:49)
    at new Model (/home/fedorrychkov/projects/svrlab.marketplace/node_modules/sequelize/lib/model.js:3107:10)
    at Object.<anonymous> (/home/fedorrychkov/projects/svrlab.marketplace/server/models/users.js:4:15)
    at Module._compile (internal/modules/cjs/loader.js:689:30)
    at loader (/home/fedorrychkov/projects/svrlab.marketplace/node_modules/babel-register/lib/node.js:144:5)
    at Object.require.extensions.(anonymous function) [as .js] (/home/fedorrychkov/projects/svrlab.marketplace/node_modules/babel-register/lib/node.js:154:7)
    at Module.load (internal/modules/cjs/loader.js:599:32)
    at tryModuleLoad (internal/modules/cjs/loader.js:538:12)
    at Function.Module._load (internal/modules/cjs/loader.js:530:3)
    at Module.require (internal/modules/cjs/loader.js:637:17)
    at require (internal/modules/cjs/helpers.js:20:18)
    at Object.<anonymous> (/home/fedorrychkov/projects/svrlab.marketplace/server/routes/routes.js:3:1)
    at Module._compile (internal/modules/cjs/loader.js:689:30)
    at loader (/home/fedorrychkov/projects/svrlab.marketplace/node_modules/babel-register/lib/node.js:144:5)
    at Object.require.extensions.(anonymous function) [as .js] (/home/fedorrychkov/projects/svrlab.marketplace/node_modules/babel-register/lib/node.js:154:7)
    at Module.load (internal/modules/cjs/loader.js:599:32)
    at tryModuleLoad (internal/modules/cjs/loader.js:538:12)
    at Function.Module._load (internal/modules/cjs/loader.js:530:3)
    at Module.require (internal/modules/cjs/loader.js:637:17)
    at require (internal/modules/cjs/helpers.js:20:18)
    at Object.<anonymous> (/home/fedorrychkov/projects/svrlab.marketplace/server/app.js:4:1)
    at Module._compile (internal/modules/cjs/loader.js:689:30)
13.10.2018 04:51:28 +03:00 [err] error: uncaughtException: Cannot read property 'createdAt' of undefined
TypeError: Cannot read property 'createdAt' of undefined
    at Model._initValues (/home/fedorrychkov/projects/svrlab.marketplace/node_modules/sequelize/lib/model.js:3133:49)
    at new Model (/home/fedorrychkov/projects/svrlab.marketplace/node_modules/sequelize/lib/model.js:3107:10)
    at Object.<anonymous> (/home/fedorrychkov/projects/svrlab.marketplace/server/models/users.js:4:15)
    at Module._compile (internal/modules/cjs/loader.js:689:30)
    at loader (/home/fedorrychkov/projects/svrlab.marketplace/node_modules/babel-register/lib/node.js:144:5)
    at Object.require.extensions.(anonymous function) [as .js] (/home/fedorrychkov/projects/svrlab.marketplace/node_modules/babel-register/lib/node.js:154:7)
    at Module.load (internal/modules/cjs/loader.js:599:32)
    at tryModuleLoad (internal/modules/cjs/loader.js:538:12)
    at Function.Module._load (internal/modules/cjs/loader.js:530:3)
    at Module.require (internal/modules/cjs/loader.js:637:17)
    at require (internal/modules/cjs/helpers.js:20:18)
    at Object.<anonymous> (/home/fedorrychkov/projects/svrlab.marketplace/server/routes/routes.js:3:1)
    at Module._compile (internal/modules/cjs/loader.js:689:30)
    at loader (/home/fedorrychkov/projects/svrlab.marketplace/node_modules/babel-register/lib/node.js:144:5)
    at Object.require.extensions.(anonymous function) [as .js] (/home/fedorrychkov/projects/svrlab.marketplace/node_modules/babel-register/lib/node.js:154:7)
    at Module.load (internal/modules/cjs/loader.js:599:32)
    at tryModuleLoad (internal/modules/cjs/loader.js:538:12)
    at Function.Module._load (internal/modules/cjs/loader.js:530:3)
    at Module.require (internal/modules/cjs/loader.js:637:17)
    at require (internal/modules/cjs/helpers.js:20:18)
    at Object.<anonymous> (/home/fedorrychkov/projects/svrlab.marketplace/server/app.js:4:1)
    at Module._compile (internal/modules/cjs/loader.js:689:30)
13.10.2018 04:51:34 +03:00 [err] error: uncaughtException: Cannot read property 'createdAt' of undefined
TypeError: Cannot read property 'createdAt' of undefined
    at Model._initValues (/home/fedorrychkov/projects/svrlab.marketplace/node_modules/sequelize/lib/model.js:3133:49)
    at new Model (/home/fedorrychkov/projects/svrlab.marketplace/node_modules/sequelize/lib/model.js:3107:10)
    at Object.<anonymous> (/home/fedorrychkov/projects/svrlab.marketplace/server/models/users.js:4:15)
    at Module._compile (internal/modules/cjs/loader.js:689:30)
    at loader (/home/fedorrychkov/projects/svrlab.marketplace/node_modules/babel-register/lib/node.js:144:5)
    at Object.require.extensions.(anonymous function) [as .js] (/home/fedorrychkov/projects/svrlab.marketplace/node_modules/babel-register/lib/node.js:154:7)
    at Module.load (internal/modules/cjs/loader.js:599:32)
    at tryModuleLoad (internal/modules/cjs/loader.js:538:12)
    at Function.Module._load (internal/modules/cjs/loader.js:530:3)
    at Module.require (internal/modules/cjs/loader.js:637:17)
    at require (internal/modules/cjs/helpers.js:20:18)
    at Object.<anonymous> (/home/fedorrychkov/projects/svrlab.marketplace/server/routes/routes.js:3:1)
    at Module._compile (internal/modules/cjs/loader.js:689:30)
    at loader (/home/fedorrychkov/projects/svrlab.marketplace/node_modules/babel-register/lib/node.js:144:5)
    at Object.require.extensions.(anonymous function) [as .js] (/home/fedorrychkov/projects/svrlab.marketplace/node_modules/babel-register/lib/node.js:154:7)
    at Module.load (internal/modules/cjs/loader.js:599:32)
    at tryModuleLoad (internal/modules/cjs/loader.js:538:12)
    at Function.Module._load (internal/modules/cjs/loader.js:530:3)
    at Module.require (internal/modules/cjs/loader.js:637:17)
    at require (internal/modules/cjs/helpers.js:20:18)
    at Object.<anonymous> (/home/fedorrychkov/projects/svrlab.marketplace/server/app.js:4:1)
    at Module._compile (internal/modules/cjs/loader.js:689:30)
13.10.2018 04:51:37 +03:00 [err] error: uncaughtException: Cannot read property 'createdAt' of undefined
TypeError: Cannot read property 'createdAt' of undefined
    at Model._initValues (/home/fedorrychkov/projects/svrlab.marketplace/node_modules/sequelize/lib/model.js:3133:49)
    at new Model (/home/fedorrychkov/projects/svrlab.marketplace/node_modules/sequelize/lib/model.js:3107:10)
    at Object.<anonymous> (/home/fedorrychkov/projects/svrlab.marketplace/server/models/users.js:4:15)
    at Module._compile (internal/modules/cjs/loader.js:689:30)
    at loader (/home/fedorrychkov/projects/svrlab.marketplace/node_modules/babel-register/lib/node.js:144:5)
    at Object.require.extensions.(anonymous function) [as .js] (/home/fedorrychkov/projects/svrlab.marketplace/node_modules/babel-register/lib/node.js:154:7)
    at Module.load (internal/modules/cjs/loader.js:599:32)
    at tryModuleLoad (internal/modules/cjs/loader.js:538:12)
    at Function.Module._load (internal/modules/cjs/loader.js:530:3)
    at Module.require (internal/modules/cjs/loader.js:637:17)
    at require (internal/modules/cjs/helpers.js:20:18)
    at Object.<anonymous> (/home/fedorrychkov/projects/svrlab.marketplace/server/routes/routes.js:3:1)
    at Module._compile (internal/modules/cjs/loader.js:689:30)
    at loader (/home/fedorrychkov/projects/svrlab.marketplace/node_modules/babel-register/lib/node.js:144:5)
    at Object.require.extensions.(anonymous function) [as .js] (/home/fedorrychkov/projects/svrlab.marketplace/node_modules/babel-register/lib/node.js:154:7)
    at Module.load (internal/modules/cjs/loader.js:599:32)
    at tryModuleLoad (internal/modules/cjs/loader.js:538:12)
    at Function.Module._load (internal/modules/cjs/loader.js:530:3)
    at Module.require (internal/modules/cjs/loader.js:637:17)
    at require (internal/modules/cjs/helpers.js:20:18)
    at Object.<anonymous> (/home/fedorrychkov/projects/svrlab.marketplace/server/app.js:4:1)
    at Module._compile (internal/modules/cjs/loader.js:689:30)
13.10.2018 04:52:03 +03:00 [err] error: uncaughtException: Cannot read property 'createdAt' of undefined
TypeError: Cannot read property 'createdAt' of undefined
    at Model._initValues (/home/fedorrychkov/projects/svrlab.marketplace/node_modules/sequelize/lib/model.js:3133:49)
    at new Model (/home/fedorrychkov/projects/svrlab.marketplace/node_modules/sequelize/lib/model.js:3107:10)
    at Object.<anonymous> (/home/fedorrychkov/projects/svrlab.marketplace/server/models/users.js:4:15)
    at Module._compile (internal/modules/cjs/loader.js:689:30)
    at loader (/home/fedorrychkov/projects/svrlab.marketplace/node_modules/babel-register/lib/node.js:144:5)
    at Object.require.extensions.(anonymous function) [as .js] (/home/fedorrychkov/projects/svrlab.marketplace/node_modules/babel-register/lib/node.js:154:7)
    at Module.load (internal/modules/cjs/loader.js:599:32)
    at tryModuleLoad (internal/modules/cjs/loader.js:538:12)
    at Function.Module._load (internal/modules/cjs/loader.js:530:3)
    at Module.require (internal/modules/cjs/loader.js:637:17)
    at require (internal/modules/cjs/helpers.js:20:18)
    at Object.<anonymous> (/home/fedorrychkov/projects/svrlab.marketplace/server/routes/routes.js:3:1)
    at Module._compile (internal/modules/cjs/loader.js:689:30)
    at loader (/home/fedorrychkov/projects/svrlab.marketplace/node_modules/babel-register/lib/node.js:144:5)
    at Object.require.extensions.(anonymous function) [as .js] (/home/fedorrychkov/projects/svrlab.marketplace/node_modules/babel-register/lib/node.js:154:7)
    at Module.load (internal/modules/cjs/loader.js:599:32)
    at tryModuleLoad (internal/modules/cjs/loader.js:538:12)
    at Function.Module._load (internal/modules/cjs/loader.js:530:3)
    at Module.require (internal/modules/cjs/loader.js:637:17)
    at require (internal/modules/cjs/helpers.js:20:18)
    at Object.<anonymous> (/home/fedorrychkov/projects/svrlab.marketplace/server/app.js:4:1)
    at Module._compile (internal/modules/cjs/loader.js:689:30)
13.10.2018 04:52:40 +03:00 [err] error: uncaughtException: Cannot read property 'createdAt' of undefined
TypeError: Cannot read property 'createdAt' of undefined
    at Model._initValues (/home/fedorrychkov/projects/svrlab.marketplace/node_modules/sequelize/lib/model.js:3133:49)
    at new Model (/home/fedorrychkov/projects/svrlab.marketplace/node_modules/sequelize/lib/model.js:3107:10)
    at Object.<anonymous> (/home/fedorrychkov/projects/svrlab.marketplace/server/models/users.js:4:15)
    at Module._compile (internal/modules/cjs/loader.js:689:30)
    at loader (/home/fedorrychkov/projects/svrlab.marketplace/node_modules/babel-register/lib/node.js:144:5)
    at Object.require.extensions.(anonymous function) [as .js] (/home/fedorrychkov/projects/svrlab.marketplace/node_modules/babel-register/lib/node.js:154:7)
    at Module.load (internal/modules/cjs/loader.js:599:32)
    at tryModuleLoad (internal/modules/cjs/loader.js:538:12)
    at Function.Module._load (internal/modules/cjs/loader.js:530:3)
    at Module.require (internal/modules/cjs/loader.js:637:17)
    at require (internal/modules/cjs/helpers.js:20:18)
    at Object.<anonymous> (/home/fedorrychkov/projects/svrlab.marketplace/server/routes/routes.js:3:1)
    at Module._compile (internal/modules/cjs/loader.js:689:30)
    at loader (/home/fedorrychkov/projects/svrlab.marketplace/node_modules/babel-register/lib/node.js:144:5)
    at Object.require.extensions.(anonymous function) [as .js] (/home/fedorrychkov/projects/svrlab.marketplace/node_modules/babel-register/lib/node.js:154:7)
    at Module.load (internal/modules/cjs/loader.js:599:32)
    at tryModuleLoad (internal/modules/cjs/loader.js:538:12)
    at Function.Module._load (internal/modules/cjs/loader.js:530:3)
    at Module.require (internal/modules/cjs/loader.js:637:17)
    at require (internal/modules/cjs/helpers.js:20:18)
    at Object.<anonymous> (/home/fedorrychkov/projects/svrlab.marketplace/server/app.js:4:1)
    at Module._compile (internal/modules/cjs/loader.js:689:30)
13.10.2018 04:52:51 +03:00 [err] error: uncaughtException: Cannot read property 'createdAt' of undefined
TypeError: Cannot read property 'createdAt' of undefined
    at Model._initValues (/home/fedorrychkov/projects/svrlab.marketplace/node_modules/sequelize/lib/model.js:3133:49)
    at new Model (/home/fedorrychkov/projects/svrlab.marketplace/node_modules/sequelize/lib/model.js:3107:10)
    at Object.<anonymous> (/home/fedorrychkov/projects/svrlab.marketplace/server/models/users.js:4:15)
    at Module._compile (internal/modules/cjs/loader.js:689:30)
    at loader (/home/fedorrychkov/projects/svrlab.marketplace/node_modules/babel-register/lib/node.js:144:5)
    at Object.require.extensions.(anonymous function) [as .js] (/home/fedorrychkov/projects/svrlab.marketplace/node_modules/babel-register/lib/node.js:154:7)
    at Module.load (internal/modules/cjs/loader.js:599:32)
    at tryModuleLoad (internal/modules/cjs/loader.js:538:12)
    at Function.Module._load (internal/modules/cjs/loader.js:530:3)
    at Module.require (internal/modules/cjs/loader.js:637:17)
    at require (internal/modules/cjs/helpers.js:20:18)
    at Object.<anonymous> (/home/fedorrychkov/projects/svrlab.marketplace/server/routes/routes.js:3:1)
    at Module._compile (internal/modules/cjs/loader.js:689:30)
    at loader (/home/fedorrychkov/projects/svrlab.marketplace/node_modules/babel-register/lib/node.js:144:5)
    at Object.require.extensions.(anonymous function) [as .js] (/home/fedorrychkov/projects/svrlab.marketplace/node_modules/babel-register/lib/node.js:154:7)
    at Module.load (internal/modules/cjs/loader.js:599:32)
    at tryModuleLoad (internal/modules/cjs/loader.js:538:12)
    at Function.Module._load (internal/modules/cjs/loader.js:530:3)
    at Module.require (internal/modules/cjs/loader.js:637:17)
    at require (internal/modules/cjs/helpers.js:20:18)
    at Object.<anonymous> (/home/fedorrychkov/projects/svrlab.marketplace/server/app.js:4:1)
    at Module._compile (internal/modules/cjs/loader.js:689:30)
13.10.2018 04:53:04 +03:00 [err] error: uncaughtException: Cannot read property 'createdAt' of undefined
TypeError: Cannot read property 'createdAt' of undefined
    at Model._initValues (/home/fedorrychkov/projects/svrlab.marketplace/node_modules/sequelize/lib/model.js:3133:49)
    at new Model (/home/fedorrychkov/projects/svrlab.marketplace/node_modules/sequelize/lib/model.js:3107:10)
    at Object.<anonymous> (/home/fedorrychkov/projects/svrlab.marketplace/server/models/users.js:4:15)
    at Module._compile (internal/modules/cjs/loader.js:689:30)
    at loader (/home/fedorrychkov/projects/svrlab.marketplace/node_modules/babel-register/lib/node.js:144:5)
    at Object.require.extensions.(anonymous function) [as .js] (/home/fedorrychkov/projects/svrlab.marketplace/node_modules/babel-register/lib/node.js:154:7)
    at Module.load (internal/modules/cjs/loader.js:599:32)
    at tryModuleLoad (internal/modules/cjs/loader.js:538:12)
    at Function.Module._load (internal/modules/cjs/loader.js:530:3)
    at Module.require (internal/modules/cjs/loader.js:637:17)
    at require (internal/modules/cjs/helpers.js:20:18)
    at Object.<anonymous> (/home/fedorrychkov/projects/svrlab.marketplace/server/routes/routes.js:3:1)
    at Module._compile (internal/modules/cjs/loader.js:689:30)
    at loader (/home/fedorrychkov/projects/svrlab.marketplace/node_modules/babel-register/lib/node.js:144:5)
    at Object.require.extensions.(anonymous function) [as .js] (/home/fedorrychkov/projects/svrlab.marketplace/node_modules/babel-register/lib/node.js:154:7)
    at Module.load (internal/modules/cjs/loader.js:599:32)
    at tryModuleLoad (internal/modules/cjs/loader.js:538:12)
    at Function.Module._load (internal/modules/cjs/loader.js:530:3)
    at Module.require (internal/modules/cjs/loader.js:637:17)
    at require (internal/modules/cjs/helpers.js:20:18)
    at Object.<anonymous> (/home/fedorrychkov/projects/svrlab.marketplace/server/app.js:4:1)
    at Module._compile (internal/modules/cjs/loader.js:689:30)
13.10.2018 04:58:19 +03:00 [err] error: uncaughtException: Cannot read property 'createdAt' of undefined
TypeError: Cannot read property 'createdAt' of undefined
    at Model._initValues (/home/fedorrychkov/projects/svrlab.marketplace/node_modules/sequelize/lib/model.js:3133:49)
    at new Model (/home/fedorrychkov/projects/svrlab.marketplace/node_modules/sequelize/lib/model.js:3107:10)
    at Object.<anonymous> (/home/fedorrychkov/projects/svrlab.marketplace/server/models/users.js:4:15)
    at Module._compile (internal/modules/cjs/loader.js:689:30)
    at loader (/home/fedorrychkov/projects/svrlab.marketplace/node_modules/babel-register/lib/node.js:144:5)
    at Object.require.extensions.(anonymous function) [as .js] (/home/fedorrychkov/projects/svrlab.marketplace/node_modules/babel-register/lib/node.js:154:7)
    at Module.load (internal/modules/cjs/loader.js:599:32)
    at tryModuleLoad (internal/modules/cjs/loader.js:538:12)
    at Function.Module._load (internal/modules/cjs/loader.js:530:3)
    at Module.require (internal/modules/cjs/loader.js:637:17)
    at require (internal/modules/cjs/helpers.js:20:18)
    at Object.<anonymous> (/home/fedorrychkov/projects/svrlab.marketplace/server/routes/routes.js:3:1)
    at Module._compile (internal/modules/cjs/loader.js:689:30)
    at loader (/home/fedorrychkov/projects/svrlab.marketplace/node_modules/babel-register/lib/node.js:144:5)
    at Object.require.extensions.(anonymous function) [as .js] (/home/fedorrychkov/projects/svrlab.marketplace/node_modules/babel-register/lib/node.js:154:7)
    at Module.load (internal/modules/cjs/loader.js:599:32)
    at tryModuleLoad (internal/modules/cjs/loader.js:538:12)
    at Function.Module._load (internal/modules/cjs/loader.js:530:3)
    at Module.require (internal/modules/cjs/loader.js:637:17)
    at require (internal/modules/cjs/helpers.js:20:18)
    at Object.<anonymous> (/home/fedorrychkov/projects/svrlab.marketplace/server/app.js:4:1)
    at Module._compile (internal/modules/cjs/loader.js:689:30)
13.10.2018 04:58:25 +03:00 [err] error: uncaughtException: Cannot read property 'createdAt' of undefined
TypeError: Cannot read property 'createdAt' of undefined
    at Model._initValues (/home/fedorrychkov/projects/svrlab.marketplace/node_modules/sequelize/lib/model.js:3133:49)
    at new Model (/home/fedorrychkov/projects/svrlab.marketplace/node_modules/sequelize/lib/model.js:3107:10)
    at Object.<anonymous> (/home/fedorrychkov/projects/svrlab.marketplace/server/models/users.js:4:15)
    at Module._compile (internal/modules/cjs/loader.js:689:30)
    at loader (/home/fedorrychkov/projects/svrlab.marketplace/node_modules/babel-register/lib/node.js:144:5)
    at Object.require.extensions.(anonymous function) [as .js] (/home/fedorrychkov/projects/svrlab.marketplace/node_modules/babel-register/lib/node.js:154:7)
    at Module.load (internal/modules/cjs/loader.js:599:32)
    at tryModuleLoad (internal/modules/cjs/loader.js:538:12)
    at Function.Module._load (internal/modules/cjs/loader.js:530:3)
    at Module.require (internal/modules/cjs/loader.js:637:17)
    at require (internal/modules/cjs/helpers.js:20:18)
    at Object.<anonymous> (/home/fedorrychkov/projects/svrlab.marketplace/server/routes/routes.js:3:1)
    at Module._compile (internal/modules/cjs/loader.js:689:30)
    at loader (/home/fedorrychkov/projects/svrlab.marketplace/node_modules/babel-register/lib/node.js:144:5)
    at Object.require.extensions.(anonymous function) [as .js] (/home/fedorrychkov/projects/svrlab.marketplace/node_modules/babel-register/lib/node.js:154:7)
    at Module.load (internal/modules/cjs/loader.js:599:32)
    at tryModuleLoad (internal/modules/cjs/loader.js:538:12)
    at Function.Module._load (internal/modules/cjs/loader.js:530:3)
    at Module.require (internal/modules/cjs/loader.js:637:17)
    at require (internal/modules/cjs/helpers.js:20:18)
    at Object.<anonymous> (/home/fedorrychkov/projects/svrlab.marketplace/server/app.js:4:1)
    at Module._compile (internal/modules/cjs/loader.js:689:30)
13.10.2018 04:58:49 +03:00 [err] error: uncaughtException: /home/fedorrychkov/projects/svrlab.marketplace/server/models/users.js: Unexpected token (7:9)
SyntaxError: /home/fedorrychkov/projects/svrlab.marketplace/server/models/users.js: Unexpected token (7:9)
[0m [90m  5 | [39m
 [90m  6 | [39m[36mclass[39m [33mUsers[39m [36mextends[39m model {
[31m[1m>[22m[39m[90m  7 | [39m  console[33m.[39mlog([32m'sss'[39m)[33m;[39m
 [90m    | [39m         [31m[1m^[22m[39m
 [90m  8 | [39m  static init(sequelize[33m,[39m [33mDataTypes[39m) {
 [90m  9 | [39m    [36mreturn[39m [36msuper[39m[33m.[39minit(
 [90m 10 | [39m      {[0m
    at Parser.pp$5.raise (/home/fedorrychkov/projects/svrlab.marketplace/node_modules/babylon/lib/index.js:4454:13)
    at Parser.pp.unexpected (/home/fedorrychkov/projects/svrlab.marketplace/node_modules/babylon/lib/index.js:1761:8)
    at Parser.pp$1.parseClassBody (/home/fedorrychkov/projects/svrlab.marketplace/node_modules/babylon/lib/index.js:2554:14)
    at Parser.pp$1.parseClass (/home/fedorrychkov/projects/svrlab.marketplace/node_modules/babylon/lib/index.js:2406:8)
    at Parser.pp$1.parseStatement (/home/fedorrychkov/projects/svrlab.marketplace/node_modules/babylon/lib/index.js:1843:19)
    at Parser.pp$1.parseBlockBody (/home/fedorrychkov/projects/svrlab.marketplace/node_modules/babylon/lib/index.js:2268:21)
    at Parser.pp$1.parseTopLevel (/home/fedorrychkov/projects/svrlab.marketplace/node_modules/babylon/lib/index.js:1778:8)
    at Parser.parse (/home/fedorrychkov/projects/svrlab.marketplace/node_modules/babylon/lib/index.js:1673:17)
    at parse (/home/fedorrychkov/projects/svrlab.marketplace/node_modules/babylon/lib/index.js:7305:37)
    at File.parse (/home/fedorrychkov/projects/svrlab.marketplace/node_modules/babel-core/lib/transformation/file/index.js:485:15)
13.10.2018 04:59:40 +03:00 [err] error: uncaughtException: /home/fedorrychkov/projects/svrlab.marketplace/server/models/users.js: missing super() call in constructor
SyntaxError: /home/fedorrychkov/projects/svrlab.marketplace/server/models/users.js: missing super() call in constructor
[0m [90m  5 | [39m
 [90m  6 | [39m[36mclass[39m [33mUsers[39m [36mextends[39m model {
[31m[1m>[22m[39m[90m  7 | [39m  constructor() {
 [90m    | [39m  [31m[1m^[22m[39m
 [90m  8 | [39m    console[33m.[39mlog([32m'sss'[39m)[33m;[39m   
 [90m  9 | [39m  }
 [90m 10 | [39m  static init(sequelize[33m,[39m [33mDataTypes[39m) {[0m
    at File.buildCodeFrameError (/home/fedorrychkov/projects/svrlab.marketplace/node_modules/babel-core/lib/transformation/file/index.js:427:15)
    at NodePath.buildCodeFrameError (/home/fedorrychkov/projects/svrlab.marketplace/node_modules/babel-traverse/lib/path/index.js:140:26)
    at ClassTransformer.pushBody (/home/fedorrychkov/projects/svrlab.marketplace/node_modules/babel-plugin-transform-es2015-classes/lib/vanilla.js:276:24)
    at ClassTransformer.buildBody (/home/fedorrychkov/projects/svrlab.marketplace/node_modules/babel-plugin-transform-es2015-classes/lib/vanilla.js:229:10)
    at ClassTransformer.run (/home/fedorrychkov/projects/svrlab.marketplace/node_modules/babel-plugin-transform-es2015-classes/lib/vanilla.js:143:10)
    at PluginPass.ClassExpression (/home/fedorrychkov/projects/svrlab.marketplace/node_modules/babel-plugin-transform-es2015-classes/lib/index.js:48:60)
    at newFn (/home/fedorrychkov/projects/svrlab.marketplace/node_modules/babel-traverse/lib/visitors.js:276:21)
    at NodePath._call (/home/fedorrychkov/projects/svrlab.marketplace/node_modules/babel-traverse/lib/path/context.js:76:18)
    at NodePath.call (/home/fedorrychkov/projects/svrlab.marketplace/node_modules/babel-traverse/lib/path/context.js:48:17)
    at NodePath.visit (/home/fedorrychkov/projects/svrlab.marketplace/node_modules/babel-traverse/lib/path/context.js:105:12)
13.10.2018 04:59:44 +03:00 [err] error: uncaughtException: /home/fedorrychkov/projects/svrlab.marketplace/server/models/users.js: missing super() call in constructor
SyntaxError: /home/fedorrychkov/projects/svrlab.marketplace/server/models/users.js: missing super() call in constructor
[0m [90m  5 | [39m
 [90m  6 | [39m[36mclass[39m [33mUsers[39m [36mextends[39m model {
[31m[1m>[22m[39m[90m  7 | [39m  constructor() {
 [90m    | [39m  [31m[1m^[22m[39m
 [90m  8 | [39m    console[33m.[39mlog([32m'sss'[39m)[33m;[39m   
 [90m  9 | [39m  }
 [90m 10 | [39m  static init(sequelize[33m,[39m [33mDataTypes[39m) {[0m
    at File.buildCodeFrameError (/home/fedorrychkov/projects/svrlab.marketplace/node_modules/babel-core/lib/transformation/file/index.js:427:15)
    at NodePath.buildCodeFrameError (/home/fedorrychkov/projects/svrlab.marketplace/node_modules/babel-traverse/lib/path/index.js:140:26)
    at ClassTransformer.pushBody (/home/fedorrychkov/projects/svrlab.marketplace/node_modules/babel-plugin-transform-es2015-classes/lib/vanilla.js:276:24)
    at ClassTransformer.buildBody (/home/fedorrychkov/projects/svrlab.marketplace/node_modules/babel-plugin-transform-es2015-classes/lib/vanilla.js:229:10)
    at ClassTransformer.run (/home/fedorrychkov/projects/svrlab.marketplace/node_modules/babel-plugin-transform-es2015-classes/lib/vanilla.js:143:10)
    at PluginPass.ClassExpression (/home/fedorrychkov/projects/svrlab.marketplace/node_modules/babel-plugin-transform-es2015-classes/lib/index.js:48:60)
    at newFn (/home/fedorrychkov/projects/svrlab.marketplace/node_modules/babel-traverse/lib/visitors.js:276:21)
    at NodePath._call (/home/fedorrychkov/projects/svrlab.marketplace/node_modules/babel-traverse/lib/path/context.js:76:18)
    at NodePath.call (/home/fedorrychkov/projects/svrlab.marketplace/node_modules/babel-traverse/lib/path/context.js:48:17)
    at NodePath.visit (/home/fedorrychkov/projects/svrlab.marketplace/node_modules/babel-traverse/lib/path/context.js:105:12)
13.10.2018 05:00:22 +03:00 [err] error: uncaughtException: Cannot read property 'createdAt' of undefined
TypeError: Cannot read property 'createdAt' of undefined
    at Model._initValues (/home/fedorrychkov/projects/svrlab.marketplace/node_modules/sequelize/lib/model.js:3133:49)
    at new Model (/home/fedorrychkov/projects/svrlab.marketplace/node_modules/sequelize/lib/model.js:3107:10)
    at Object.<anonymous> (/home/fedorrychkov/projects/svrlab.marketplace/server/models/users.js:4:15)
    at Module._compile (internal/modules/cjs/loader.js:689:30)
    at loader (/home/fedorrychkov/projects/svrlab.marketplace/node_modules/babel-register/lib/node.js:144:5)
    at Object.require.extensions.(anonymous function) [as .js] (/home/fedorrychkov/projects/svrlab.marketplace/node_modules/babel-register/lib/node.js:154:7)
    at Module.load (internal/modules/cjs/loader.js:599:32)
    at tryModuleLoad (internal/modules/cjs/loader.js:538:12)
    at Function.Module._load (internal/modules/cjs/loader.js:530:3)
    at Module.require (internal/modules/cjs/loader.js:637:17)
    at require (internal/modules/cjs/helpers.js:20:18)
    at Object.<anonymous> (/home/fedorrychkov/projects/svrlab.marketplace/server/routes/routes.js:3:1)
    at Module._compile (internal/modules/cjs/loader.js:689:30)
    at loader (/home/fedorrychkov/projects/svrlab.marketplace/node_modules/babel-register/lib/node.js:144:5)
    at Object.require.extensions.(anonymous function) [as .js] (/home/fedorrychkov/projects/svrlab.marketplace/node_modules/babel-register/lib/node.js:154:7)
    at Module.load (internal/modules/cjs/loader.js:599:32)
    at tryModuleLoad (internal/modules/cjs/loader.js:538:12)
    at Function.Module._load (internal/modules/cjs/loader.js:530:3)
    at Module.require (internal/modules/cjs/loader.js:637:17)
    at require (internal/modules/cjs/helpers.js:20:18)
    at Object.<anonymous> (/home/fedorrychkov/projects/svrlab.marketplace/server/app.js:4:1)
    at Module._compile (internal/modules/cjs/loader.js:689:30)
13.10.2018 05:00:39 +03:00 [err] error: uncaughtException: Cannot read property 'createdAt' of undefined
TypeError: Cannot read property 'createdAt' of undefined
    at Model._initValues (/home/fedorrychkov/projects/svrlab.marketplace/node_modules/sequelize/lib/model.js:3133:49)
    at new Model (/home/fedorrychkov/projects/svrlab.marketplace/node_modules/sequelize/lib/model.js:3107:10)
    at Object.<anonymous> (/home/fedorrychkov/projects/svrlab.marketplace/server/models/users.js:4:15)
    at Module._compile (internal/modules/cjs/loader.js:689:30)
    at loader (/home/fedorrychkov/projects/svrlab.marketplace/node_modules/babel-register/lib/node.js:144:5)
    at Object.require.extensions.(anonymous function) [as .js] (/home/fedorrychkov/projects/svrlab.marketplace/node_modules/babel-register/lib/node.js:154:7)
    at Module.load (internal/modules/cjs/loader.js:599:32)
    at tryModuleLoad (internal/modules/cjs/loader.js:538:12)
    at Function.Module._load (internal/modules/cjs/loader.js:530:3)
    at Module.require (internal/modules/cjs/loader.js:637:17)
    at require (internal/modules/cjs/helpers.js:20:18)
    at Object.<anonymous> (/home/fedorrychkov/projects/svrlab.marketplace/server/routes/routes.js:3:1)
    at Module._compile (internal/modules/cjs/loader.js:689:30)
    at loader (/home/fedorrychkov/projects/svrlab.marketplace/node_modules/babel-register/lib/node.js:144:5)
    at Object.require.extensions.(anonymous function) [as .js] (/home/fedorrychkov/projects/svrlab.marketplace/node_modules/babel-register/lib/node.js:154:7)
    at Module.load (internal/modules/cjs/loader.js:599:32)
    at tryModuleLoad (internal/modules/cjs/loader.js:538:12)
    at Function.Module._load (internal/modules/cjs/loader.js:530:3)
    at Module.require (internal/modules/cjs/loader.js:637:17)
    at require (internal/modules/cjs/helpers.js:20:18)
    at Object.<anonymous> (/home/fedorrychkov/projects/svrlab.marketplace/server/app.js:4:1)
    at Module._compile (internal/modules/cjs/loader.js:689:30)
13.10.2018 05:00:46 +03:00 [err] error: uncaughtException: Cannot read property 'createdAt' of undefined
TypeError: Cannot read property 'createdAt' of undefined
    at Model._initValues (/home/fedorrychkov/projects/svrlab.marketplace/node_modules/sequelize/lib/model.js:3133:49)
    at new Model (/home/fedorrychkov/projects/svrlab.marketplace/node_modules/sequelize/lib/model.js:3107:10)
    at Object.<anonymous> (/home/fedorrychkov/projects/svrlab.marketplace/server/models/users.js:5:15)
    at Module._compile (internal/modules/cjs/loader.js:689:30)
    at loader (/home/fedorrychkov/projects/svrlab.marketplace/node_modules/babel-register/lib/node.js:144:5)
    at Object.require.extensions.(anonymous function) [as .js] (/home/fedorrychkov/projects/svrlab.marketplace/node_modules/babel-register/lib/node.js:154:7)
    at Module.load (internal/modules/cjs/loader.js:599:32)
    at tryModuleLoad (internal/modules/cjs/loader.js:538:12)
    at Function.Module._load (internal/modules/cjs/loader.js:530:3)
    at Module.require (internal/modules/cjs/loader.js:637:17)
    at require (internal/modules/cjs/helpers.js:20:18)
    at Object.<anonymous> (/home/fedorrychkov/projects/svrlab.marketplace/server/routes/routes.js:3:1)
    at Module._compile (internal/modules/cjs/loader.js:689:30)
    at loader (/home/fedorrychkov/projects/svrlab.marketplace/node_modules/babel-register/lib/node.js:144:5)
    at Object.require.extensions.(anonymous function) [as .js] (/home/fedorrychkov/projects/svrlab.marketplace/node_modules/babel-register/lib/node.js:154:7)
    at Module.load (internal/modules/cjs/loader.js:599:32)
    at tryModuleLoad (internal/modules/cjs/loader.js:538:12)
    at Function.Module._load (internal/modules/cjs/loader.js:530:3)
    at Module.require (internal/modules/cjs/loader.js:637:17)
    at require (internal/modules/cjs/helpers.js:20:18)
    at Object.<anonymous> (/home/fedorrychkov/projects/svrlab.marketplace/server/app.js:4:1)
    at Module._compile (internal/modules/cjs/loader.js:689:30)
13.10.2018 05:00:57 +03:00 [err] error: uncaughtException: Cannot read property 'createdAt' of undefined
TypeError: Cannot read property 'createdAt' of undefined
    at Model._initValues (/home/fedorrychkov/projects/svrlab.marketplace/node_modules/sequelize/lib/model.js:3133:49)
    at new Model (/home/fedorrychkov/projects/svrlab.marketplace/node_modules/sequelize/lib/model.js:3107:10)
    at Object.<anonymous> (/home/fedorrychkov/projects/svrlab.marketplace/server/models/users.js:5:15)
    at Module._compile (internal/modules/cjs/loader.js:689:30)
    at loader (/home/fedorrychkov/projects/svrlab.marketplace/node_modules/babel-register/lib/node.js:144:5)
    at Object.require.extensions.(anonymous function) [as .js] (/home/fedorrychkov/projects/svrlab.marketplace/node_modules/babel-register/lib/node.js:154:7)
    at Module.load (internal/modules/cjs/loader.js:599:32)
    at tryModuleLoad (internal/modules/cjs/loader.js:538:12)
    at Function.Module._load (internal/modules/cjs/loader.js:530:3)
    at Module.require (internal/modules/cjs/loader.js:637:17)
    at require (internal/modules/cjs/helpers.js:20:18)
    at Object.<anonymous> (/home/fedorrychkov/projects/svrlab.marketplace/server/routes/routes.js:3:1)
    at Module._compile (internal/modules/cjs/loader.js:689:30)
    at loader (/home/fedorrychkov/projects/svrlab.marketplace/node_modules/babel-register/lib/node.js:144:5)
    at Object.require.extensions.(anonymous function) [as .js] (/home/fedorrychkov/projects/svrlab.marketplace/node_modules/babel-register/lib/node.js:154:7)
    at Module.load (internal/modules/cjs/loader.js:599:32)
    at tryModuleLoad (internal/modules/cjs/loader.js:538:12)
    at Function.Module._load (internal/modules/cjs/loader.js:530:3)
    at Module.require (internal/modules/cjs/loader.js:637:17)
    at require (internal/modules/cjs/helpers.js:20:18)
    at Object.<anonymous> (/home/fedorrychkov/projects/svrlab.marketplace/server/app.js:4:1)
    at Module._compile (internal/modules/cjs/loader.js:689:30)
13.10.2018 05:01:09 +03:00 [err] error: uncaughtException: Cannot read property 'createdAt' of undefined
TypeError: Cannot read property 'createdAt' of undefined
    at Model._initValues (/home/fedorrychkov/projects/svrlab.marketplace/node_modules/sequelize/lib/model.js:3133:49)
    at new Model (/home/fedorrychkov/projects/svrlab.marketplace/node_modules/sequelize/lib/model.js:3107:10)
    at Object.<anonymous> (/home/fedorrychkov/projects/svrlab.marketplace/server/models/users.js:4:13)
    at Module._compile (internal/modules/cjs/loader.js:689:30)
    at loader (/home/fedorrychkov/projects/svrlab.marketplace/node_modules/babel-register/lib/node.js:144:5)
    at Object.require.extensions.(anonymous function) [as .js] (/home/fedorrychkov/projects/svrlab.marketplace/node_modules/babel-register/lib/node.js:154:7)
    at Module.load (internal/modules/cjs/loader.js:599:32)
    at tryModuleLoad (internal/modules/cjs/loader.js:538:12)
    at Function.Module._load (internal/modules/cjs/loader.js:530:3)
    at Module.require (internal/modules/cjs/loader.js:637:17)
    at require (internal/modules/cjs/helpers.js:20:18)
    at Object.<anonymous> (/home/fedorrychkov/projects/svrlab.marketplace/server/routes/routes.js:3:1)
    at Module._compile (internal/modules/cjs/loader.js:689:30)
    at loader (/home/fedorrychkov/projects/svrlab.marketplace/node_modules/babel-register/lib/node.js:144:5)
    at Object.require.extensions.(anonymous function) [as .js] (/home/fedorrychkov/projects/svrlab.marketplace/node_modules/babel-register/lib/node.js:154:7)
    at Module.load (internal/modules/cjs/loader.js:599:32)
    at tryModuleLoad (internal/modules/cjs/loader.js:538:12)
    at Function.Module._load (internal/modules/cjs/loader.js:530:3)
    at Module.require (internal/modules/cjs/loader.js:637:17)
    at require (internal/modules/cjs/helpers.js:20:18)
    at Object.<anonymous> (/home/fedorrychkov/projects/svrlab.marketplace/server/app.js:4:1)
    at Module._compile (internal/modules/cjs/loader.js:689:30)
13.10.2018 05:01:23 +03:00 [err] error: uncaughtException: Class constructor Model cannot be invoked without 'new'
TypeError: Class constructor Model cannot be invoked without 'new'
    at Object.<anonymous> (/home/fedorrychkov/projects/svrlab.marketplace/server/models/users.js:5:15)
    at Module._compile (internal/modules/cjs/loader.js:689:30)
    at loader (/home/fedorrychkov/projects/svrlab.marketplace/node_modules/babel-register/lib/node.js:144:5)
    at Object.require.extensions.(anonymous function) [as .js] (/home/fedorrychkov/projects/svrlab.marketplace/node_modules/babel-register/lib/node.js:154:7)
    at Module.load (internal/modules/cjs/loader.js:599:32)
    at tryModuleLoad (internal/modules/cjs/loader.js:538:12)
    at Function.Module._load (internal/modules/cjs/loader.js:530:3)
    at Module.require (internal/modules/cjs/loader.js:637:17)
    at require (internal/modules/cjs/helpers.js:20:18)
    at Object.<anonymous> (/home/fedorrychkov/projects/svrlab.marketplace/server/routes/routes.js:3:1)
    at Module._compile (internal/modules/cjs/loader.js:689:30)
    at loader (/home/fedorrychkov/projects/svrlab.marketplace/node_modules/babel-register/lib/node.js:144:5)
    at Object.require.extensions.(anonymous function) [as .js] (/home/fedorrychkov/projects/svrlab.marketplace/node_modules/babel-register/lib/node.js:154:7)
    at Module.load (internal/modules/cjs/loader.js:599:32)
    at tryModuleLoad (internal/modules/cjs/loader.js:538:12)
    at Function.Module._load (internal/modules/cjs/loader.js:530:3)
    at Module.require (internal/modules/cjs/loader.js:637:17)
    at require (internal/modules/cjs/helpers.js:20:18)
    at Object.<anonymous> (/home/fedorrychkov/projects/svrlab.marketplace/server/app.js:4:1)
    at Module._compile (internal/modules/cjs/loader.js:689:30)
    at loader (/home/fedorrychkov/projects/svrlab.marketplace/node_modules/babel-register/lib/node.js:144:5)
    at Object.require.extensions.(anonymous function) [as .js] (/home/fedorrychkov/projects/svrlab.marketplace/node_modules/babel-register/lib/node.js:154:7)
13.10.2018 05:03:57 +03:00 [err] error: uncaughtException: /home/fedorrychkov/projects/svrlab.marketplace/server/models/users.js: Unexpected token (30:9)
SyntaxError: /home/fedorrychkov/projects/svrlab.marketplace/server/models/users.js: Unexpected token (30:9)
[0m [90m 28 | [39m  }
 [90m 29 | [39m
[31m[1m>[22m[39m[90m 30 | [39m  public getAll() {
 [90m    | [39m         [31m[1m^[22m[39m
 [90m 31 | [39m    [36mreturn[39m [36mthis[39m[33m.[39mfindAll()[33m;[39m
 [90m 32 | [39m  }
 [90m 33 | [39m[0m
    at Parser.pp$5.raise (/home/fedorrychkov/projects/svrlab.marketplace/node_modules/babylon/lib/index.js:4454:13)
    at Parser.pp.unexpected (/home/fedorrychkov/projects/svrlab.marketplace/node_modules/babylon/lib/index.js:1761:8)
    at Parser.pp$1.parseClassBody (/home/fedorrychkov/projects/svrlab.marketplace/node_modules/babylon/lib/index.js:2554:14)
    at Parser.pp$1.parseClass (/home/fedorrychkov/projects/svrlab.marketplace/node_modules/babylon/lib/index.js:2406:8)
    at Parser.pp$1.parseStatement (/home/fedorrychkov/projects/svrlab.marketplace/node_modules/babylon/lib/index.js:1843:19)
    at Parser.pp$1.parseBlockBody (/home/fedorrychkov/projects/svrlab.marketplace/node_modules/babylon/lib/index.js:2268:21)
    at Parser.pp$1.parseTopLevel (/home/fedorrychkov/projects/svrlab.marketplace/node_modules/babylon/lib/index.js:1778:8)
    at Parser.parse (/home/fedorrychkov/projects/svrlab.marketplace/node_modules/babylon/lib/index.js:1673:17)
    at parse (/home/fedorrychkov/projects/svrlab.marketplace/node_modules/babylon/lib/index.js:7305:37)
    at File.parse (/home/fedorrychkov/projects/svrlab.marketplace/node_modules/babel-core/lib/transformation/file/index.js:485:15)
13.10.2018 05:42:30 +03:00 [err] error: uncaughtException: /home/fedorrychkov/projects/svrlab.marketplace/server/models/users.js: Unexpected token, expected , (28:23)
SyntaxError: /home/fedorrychkov/projects/svrlab.marketplace/server/models/users.js: Unexpected token, expected , (28:23)
[0m [90m 26 | [39m  static async getAll() {
 [90m 27 | [39m    [36mtry[39m {
[31m[1m>[22m[39m[90m 28 | [39m      console[33m.[39mlog([33mUsers[39m[33m;[39m
 [90m    | [39m                       [31m[1m^[22m[39m
 [90m 29 | [39m      [36mreturn[39m await [36mthis[39m[33m.[39mfindAll()[33m;[39m
 [90m 30 | [39m    } [36mcatch[39m (er) {
 [90m 31 | [39m      console[33m.[39mlog([32m'errr'[39m[33m,[39m er)[0m
    at Parser.pp$5.raise (/home/fedorrychkov/projects/svrlab.marketplace/node_modules/babylon/lib/index.js:4454:13)
    at Parser.pp.unexpected (/home/fedorrychkov/projects/svrlab.marketplace/node_modules/babylon/lib/index.js:1761:8)
    at Parser.pp.expect (/home/fedorrychkov/projects/svrlab.marketplace/node_modules/babylon/lib/index.js:1749:33)
    at Parser.pp$3.parseCallExpressionArguments (/home/fedorrychkov/projects/svrlab.marketplace/node_modules/babylon/lib/index.js:3564:12)
    at Parser.pp$3.parseSubscripts (/home/fedorrychkov/projects/svrlab.marketplace/node_modules/babylon/lib/index.js:3533:31)
    at Parser.pp$3.parseExprSubscripts (/home/fedorrychkov/projects/svrlab.marketplace/node_modules/babylon/lib/index.js:3504:15)
    at Parser.pp$3.parseMaybeUnary (/home/fedorrychkov/projects/svrlab.marketplace/node_modules/babylon/lib/index.js:3474:19)
    at Parser.pp$3.parseExprOps (/home/fedorrychkov/projects/svrlab.marketplace/node_modules/babylon/lib/index.js:3404:19)
    at Parser.pp$3.parseMaybeConditional (/home/fedorrychkov/projects/svrlab.marketplace/node_modules/babylon/lib/index.js:3381:19)
    at Parser.pp$3.parseMaybeAssign (/home/fedorrychkov/projects/svrlab.marketplace/node_modules/babylon/lib/index.js:3344:19)
13.10.2018 06:08:01 +03:00 [err] error: uncaughtException: sequelize.define is not a function
TypeError: sequelize.define is not a function
    at module.exports (/home/fedorrychkov/projects/svrlab.marketplace/server/models/users.js:3:27)
    at Object.<anonymous> (/home/fedorrychkov/projects/svrlab.marketplace/server/routes/routes.js:5:15)
    at Module._compile (internal/modules/cjs/loader.js:689:30)
    at loader (/home/fedorrychkov/projects/svrlab.marketplace/node_modules/babel-register/lib/node.js:144:5)
    at Object.require.extensions.(anonymous function) [as .js] (/home/fedorrychkov/projects/svrlab.marketplace/node_modules/babel-register/lib/node.js:154:7)
    at Module.load (internal/modules/cjs/loader.js:599:32)
    at tryModuleLoad (internal/modules/cjs/loader.js:538:12)
    at Function.Module._load (internal/modules/cjs/loader.js:530:3)
    at Module.require (internal/modules/cjs/loader.js:637:17)
    at require (internal/modules/cjs/helpers.js:20:18)
    at Object.<anonymous> (/home/fedorrychkov/projects/svrlab.marketplace/server/app.js:4:1)
    at Module._compile (internal/modules/cjs/loader.js:689:30)
    at loader (/home/fedorrychkov/projects/svrlab.marketplace/node_modules/babel-register/lib/node.js:144:5)
    at Object.require.extensions.(anonymous function) [as .js] (/home/fedorrychkov/projects/svrlab.marketplace/node_modules/babel-register/lib/node.js:154:7)
    at Module.load (internal/modules/cjs/loader.js:599:32)
    at tryModuleLoad (internal/modules/cjs/loader.js:538:12)
    at Function.Module._load (internal/modules/cjs/loader.js:530:3)
    at Module.require (internal/modules/cjs/loader.js:637:17)
    at require (internal/modules/cjs/helpers.js:20:18)
    at Object.<anonymous> (/home/fedorrychkov/projects/svrlab.marketplace/server/index.js:7:1)
    at Module._compile (internal/modules/cjs/loader.js:689:30)
    at Object.Module._extensions..js (internal/modules/cjs/loader.js:700:10)
13.10.2018 14:35:58 +03:00 [err] error: uncaughtException: Class constructor Model cannot be invoked without 'new'
TypeError: Class constructor Model cannot be invoked without 'new'
    at new Users (/home/fedorrychkov/projects/svrlab.marketplace/server/models/users.js:50:117)
    at Object.<anonymous> (/home/fedorrychkov/projects/svrlab.marketplace/server/routes/routes.js:5:15)
    at Module._compile (internal/modules/cjs/loader.js:689:30)
    at loader (/home/fedorrychkov/projects/svrlab.marketplace/node_modules/babel-register/lib/node.js:144:5)
    at Object.require.extensions.(anonymous function) [as .js] (/home/fedorrychkov/projects/svrlab.marketplace/node_modules/babel-register/lib/node.js:154:7)
    at Module.load (internal/modules/cjs/loader.js:599:32)
    at tryModuleLoad (internal/modules/cjs/loader.js:538:12)
    at Function.Module._load (internal/modules/cjs/loader.js:530:3)
    at Module.require (internal/modules/cjs/loader.js:637:17)
    at require (internal/modules/cjs/helpers.js:20:18)
    at Object.<anonymous> (/home/fedorrychkov/projects/svrlab.marketplace/server/app.js:4:1)
    at Module._compile (internal/modules/cjs/loader.js:689:30)
    at loader (/home/fedorrychkov/projects/svrlab.marketplace/node_modules/babel-register/lib/node.js:144:5)
    at Object.require.extensions.(anonymous function) [as .js] (/home/fedorrychkov/projects/svrlab.marketplace/node_modules/babel-register/lib/node.js:154:7)
    at Module.load (internal/modules/cjs/loader.js:599:32)
    at tryModuleLoad (internal/modules/cjs/loader.js:538:12)
    at Function.Module._load (internal/modules/cjs/loader.js:530:3)
    at Module.require (internal/modules/cjs/loader.js:637:17)
    at require (internal/modules/cjs/helpers.js:20:18)
    at Object.<anonymous> (/home/fedorrychkov/projects/svrlab.marketplace/server/index.js:7:1)
    at Module._compile (internal/modules/cjs/loader.js:689:30)
    at Object.Module._extensions..js (internal/modules/cjs/loader.js:700:10)
13.10.2018 14:49:33 +03:00 [err] error: uncaughtException: /home/fedorrychkov/projects/svrlab.marketplace/server/models/users.js: 'super.*' is not allowed before super()
SyntaxError: /home/fedorrychkov/projects/svrlab.marketplace/server/models/users.js: 'super.*' is not allowed before super()
[0m [90m  5 | [39m  constructor(sequelize[33m,[39m [33mDataTypes[39m) {
 [90m  6 | [39m    console[33m.[39mlog([32m'NOT'[39m)[33m;[39m
[31m[1m>[22m[39m[90m  7 | [39m    [36mreturn[39m [36msuper[39m[33m.[39minit(
 [90m    | [39m           [31m[1m^[22m[39m
 [90m  8 | [39m      {
 [90m  9 | [39m        id[33m:[39m [33mDataTypes[39m[33m.[39m[33mSTRING[39m[33m,[39m
 [90m 10 | [39m        firstName[33m:[39m [33mDataTypes[39m[33m.[39m[33mSTRING[39m[33m,[39m[0m
    at File.buildCodeFrameError (/home/fedorrychkov/projects/svrlab.marketplace/node_modules/babel-core/lib/transformation/file/index.js:427:15)
    at NodePath.buildCodeFrameError (/home/fedorrychkov/projects/svrlab.marketplace/node_modules/babel-traverse/lib/path/index.js:140:26)
    at ClassTransformer.Super (/home/fedorrychkov/projects/svrlab.marketplace/node_modules/babel-plugin-transform-es2015-classes/lib/vanilla.js:55:18)
    at NodePath._call (/home/fedorrychkov/projects/svrlab.marketplace/node_modules/babel-traverse/lib/path/context.js:76:18)
    at NodePath.call (/home/fedorrychkov/projects/svrlab.marketplace/node_modules/babel-traverse/lib/path/context.js:48:17)
    at NodePath.visit (/home/fedorrychkov/projects/svrlab.marketplace/node_modules/babel-traverse/lib/path/context.js:105:12)
    at TraversalContext.visitQueue (/home/fedorrychkov/projects/svrlab.marketplace/node_modules/babel-traverse/lib/context.js:150:16)
    at TraversalContext.visitSingle (/home/fedorrychkov/projects/svrlab.marketplace/node_modules/babel-traverse/lib/context.js:108:19)
    at TraversalContext.visit (/home/fedorrychkov/projects/svrlab.marketplace/node_modules/babel-traverse/lib/context.js:192:19)
    at Function.traverse.node (/home/fedorrychkov/projects/svrlab.marketplace/node_modules/babel-traverse/lib/index.js:114:17)
13.10.2018 14:49:49 +03:00 [err] error: uncaughtException: /home/fedorrychkov/projects/svrlab.marketplace/server/models/users.js: 'super.*' is not allowed before super()
SyntaxError: /home/fedorrychkov/projects/svrlab.marketplace/server/models/users.js: 'super.*' is not allowed before super()
[0m [90m  5 | [39m  constructor(sequelize[33m,[39m [33mDataTypes[39m) {
 [90m  6 | [39m    console[33m.[39mlog([32m'NOT'[39m)[33m;[39m
[31m[1m>[22m[39m[90m  7 | [39m    [36msuper[39m[33m.[39minit(
 [90m    | [39m    [31m[1m^[22m[39m
 [90m  8 | [39m      {
 [90m  9 | [39m        id[33m:[39m [33mDataTypes[39m[33m.[39m[33mSTRING[39m[33m,[39m
 [90m 10 | [39m        firstName[33m:[39m [33mDataTypes[39m[33m.[39m[33mSTRING[39m[33m,[39m[0m
    at File.buildCodeFrameError (/home/fedorrychkov/projects/svrlab.marketplace/node_modules/babel-core/lib/transformation/file/index.js:427:15)
    at NodePath.buildCodeFrameError (/home/fedorrychkov/projects/svrlab.marketplace/node_modules/babel-traverse/lib/path/index.js:140:26)
    at ClassTransformer.Super (/home/fedorrychkov/projects/svrlab.marketplace/node_modules/babel-plugin-transform-es2015-classes/lib/vanilla.js:55:18)
    at NodePath._call (/home/fedorrychkov/projects/svrlab.marketplace/node_modules/babel-traverse/lib/path/context.js:76:18)
    at NodePath.call (/home/fedorrychkov/projects/svrlab.marketplace/node_modules/babel-traverse/lib/path/context.js:48:17)
    at NodePath.visit (/home/fedorrychkov/projects/svrlab.marketplace/node_modules/babel-traverse/lib/path/context.js:105:12)
    at TraversalContext.visitQueue (/home/fedorrychkov/projects/svrlab.marketplace/node_modules/babel-traverse/lib/context.js:150:16)
    at TraversalContext.visitSingle (/home/fedorrychkov/projects/svrlab.marketplace/node_modules/babel-traverse/lib/context.js:108:19)
    at TraversalContext.visit (/home/fedorrychkov/projects/svrlab.marketplace/node_modules/babel-traverse/lib/context.js:192:19)
    at Function.traverse.node (/home/fedorrychkov/projects/svrlab.marketplace/node_modules/babel-traverse/lib/index.js:114:17)
13.10.2018 14:50:03 +03:00 [err] error: uncaughtException: /home/fedorrychkov/projects/svrlab.marketplace/server/models/users.js: 'super.*' is not allowed before super()
SyntaxError: /home/fedorrychkov/projects/svrlab.marketplace/server/models/users.js: 'super.*' is not allowed before super()
[0m [90m 4 | [39m[36mclass[39m [33mUsers[39m [36mextends[39m [33mSequelize[39m[33m.[39m[33mModel[39m {
 [90m 5 | [39m  constructor(sequelize[33m,[39m [33mDataTypes[39m) {
[31m[1m>[22m[39m[90m 6 | [39m    [36msuper[39m[33m.[39minit(
 [90m   | [39m    [31m[1m^[22m[39m
 [90m 7 | [39m      {
 [90m 8 | [39m        id[33m:[39m [33mDataTypes[39m[33m.[39m[33mSTRING[39m[33m,[39m
 [90m 9 | [39m        firstName[33m:[39m [33mDataTypes[39m[33m.[39m[33mSTRING[39m[33m,[39m[0m
    at File.buildCodeFrameError (/home/fedorrychkov/projects/svrlab.marketplace/node_modules/babel-core/lib/transformation/file/index.js:427:15)
    at NodePath.buildCodeFrameError (/home/fedorrychkov/projects/svrlab.marketplace/node_modules/babel-traverse/lib/path/index.js:140:26)
    at ClassTransformer.Super (/home/fedorrychkov/projects/svrlab.marketplace/node_modules/babel-plugin-transform-es2015-classes/lib/vanilla.js:55:18)
    at NodePath._call (/home/fedorrychkov/projects/svrlab.marketplace/node_modules/babel-traverse/lib/path/context.js:76:18)
    at NodePath.call (/home/fedorrychkov/projects/svrlab.marketplace/node_modules/babel-traverse/lib/path/context.js:48:17)
    at NodePath.visit (/home/fedorrychkov/projects/svrlab.marketplace/node_modules/babel-traverse/lib/path/context.js:105:12)
    at TraversalContext.visitQueue (/home/fedorrychkov/projects/svrlab.marketplace/node_modules/babel-traverse/lib/context.js:150:16)
    at TraversalContext.visitSingle (/home/fedorrychkov/projects/svrlab.marketplace/node_modules/babel-traverse/lib/context.js:108:19)
    at TraversalContext.visit (/home/fedorrychkov/projects/svrlab.marketplace/node_modules/babel-traverse/lib/context.js:192:19)
    at Function.traverse.node (/home/fedorrychkov/projects/svrlab.marketplace/node_modules/babel-traverse/lib/index.js:114:17)
13.10.2018 15:03:23 +03:00 [err] error: uncaughtException: Dialect needs to be explicitly supplied as of v4.0.0
Error: Dialect needs to be explicitly supplied as of v4.0.0
    at new Sequelize (/home/fedorrychkov/projects/svrlab.marketplace/node_modules/sequelize/lib/sequelize.js:181:13)
    at Object.<anonymous> (/home/fedorrychkov/projects/svrlab.marketplace/server/models/index.js:2:19)
    at Module._compile (internal/modules/cjs/loader.js:689:30)
    at loader (/home/fedorrychkov/projects/svrlab.marketplace/node_modules/babel-register/lib/node.js:144:5)
    at Object.require.extensions.(anonymous function) [as .js] (/home/fedorrychkov/projects/svrlab.marketplace/node_modules/babel-register/lib/node.js:154:7)
    at Module.load (internal/modules/cjs/loader.js:599:32)
    at tryModuleLoad (internal/modules/cjs/loader.js:538:12)
    at Function.Module._load (internal/modules/cjs/loader.js:530:3)
    at Module.require (internal/modules/cjs/loader.js:637:17)
    at require (internal/modules/cjs/helpers.js:20:18)
    at Object.<anonymous> (/home/fedorrychkov/projects/svrlab.marketplace/server/routes/routes.js:6:1)
    at Module._compile (internal/modules/cjs/loader.js:689:30)
    at loader (/home/fedorrychkov/projects/svrlab.marketplace/node_modules/babel-register/lib/node.js:144:5)
    at Object.require.extensions.(anonymous function) [as .js] (/home/fedorrychkov/projects/svrlab.marketplace/node_modules/babel-register/lib/node.js:154:7)
    at Module.load (internal/modules/cjs/loader.js:599:32)
    at tryModuleLoad (internal/modules/cjs/loader.js:538:12)
    at Function.Module._load (internal/modules/cjs/loader.js:530:3)
    at Module.require (internal/modules/cjs/loader.js:637:17)
    at require (internal/modules/cjs/helpers.js:20:18)
    at Object.<anonymous> (/home/fedorrychkov/projects/svrlab.marketplace/server/app.js:4:1)
    at Module._compile (internal/modules/cjs/loader.js:689:30)
    at loader (/home/fedorrychkov/projects/svrlab.marketplace/node_modules/babel-register/lib/node.js:144:5)
13.10.2018 15:03:45 +03:00 [err] error: uncaughtException: Dialect needs to be explicitly supplied as of v4.0.0
Error: Dialect needs to be explicitly supplied as of v4.0.0
    at new Sequelize (/home/fedorrychkov/projects/svrlab.marketplace/node_modules/sequelize/lib/sequelize.js:181:13)
    at Object.<anonymous> (/home/fedorrychkov/projects/svrlab.marketplace/server/models/index.js:2:19)
    at Module._compile (internal/modules/cjs/loader.js:689:30)
    at loader (/home/fedorrychkov/projects/svrlab.marketplace/node_modules/babel-register/lib/node.js:144:5)
    at Object.require.extensions.(anonymous function) [as .js] (/home/fedorrychkov/projects/svrlab.marketplace/node_modules/babel-register/lib/node.js:154:7)
    at Module.load (internal/modules/cjs/loader.js:599:32)
    at tryModuleLoad (internal/modules/cjs/loader.js:538:12)
    at Function.Module._load (internal/modules/cjs/loader.js:530:3)
    at Module.require (internal/modules/cjs/loader.js:637:17)
    at require (internal/modules/cjs/helpers.js:20:18)
    at Object.<anonymous> (/home/fedorrychkov/projects/svrlab.marketplace/server/routes/routes.js:6:1)
    at Module._compile (internal/modules/cjs/loader.js:689:30)
    at loader (/home/fedorrychkov/projects/svrlab.marketplace/node_modules/babel-register/lib/node.js:144:5)
    at Object.require.extensions.(anonymous function) [as .js] (/home/fedorrychkov/projects/svrlab.marketplace/node_modules/babel-register/lib/node.js:154:7)
    at Module.load (internal/modules/cjs/loader.js:599:32)
    at tryModuleLoad (internal/modules/cjs/loader.js:538:12)
    at Function.Module._load (internal/modules/cjs/loader.js:530:3)
    at Module.require (internal/modules/cjs/loader.js:637:17)
    at require (internal/modules/cjs/helpers.js:20:18)
    at Object.<anonymous> (/home/fedorrychkov/projects/svrlab.marketplace/server/app.js:4:1)
    at Module._compile (internal/modules/cjs/loader.js:689:30)
    at loader (/home/fedorrychkov/projects/svrlab.marketplace/node_modules/babel-register/lib/node.js:144:5)
13.10.2018 15:03:59 +03:00 [err] error: uncaughtException: Dialect needs to be explicitly supplied as of v4.0.0
Error: Dialect needs to be explicitly supplied as of v4.0.0
    at new Sequelize (/home/fedorrychkov/projects/svrlab.marketplace/node_modules/sequelize/lib/sequelize.js:181:13)
    at Object.<anonymous> (/home/fedorrychkov/projects/svrlab.marketplace/server/models/index.js:2:19)
    at Module._compile (internal/modules/cjs/loader.js:689:30)
    at loader (/home/fedorrychkov/projects/svrlab.marketplace/node_modules/babel-register/lib/node.js:144:5)
    at Object.require.extensions.(anonymous function) [as .js] (/home/fedorrychkov/projects/svrlab.marketplace/node_modules/babel-register/lib/node.js:154:7)
    at Module.load (internal/modules/cjs/loader.js:599:32)
    at tryModuleLoad (internal/modules/cjs/loader.js:538:12)
    at Function.Module._load (internal/modules/cjs/loader.js:530:3)
    at Module.require (internal/modules/cjs/loader.js:637:17)
    at require (internal/modules/cjs/helpers.js:20:18)
    at Object.<anonymous> (/home/fedorrychkov/projects/svrlab.marketplace/server/routes/routes.js:6:1)
    at Module._compile (internal/modules/cjs/loader.js:689:30)
    at loader (/home/fedorrychkov/projects/svrlab.marketplace/node_modules/babel-register/lib/node.js:144:5)
    at Object.require.extensions.(anonymous function) [as .js] (/home/fedorrychkov/projects/svrlab.marketplace/node_modules/babel-register/lib/node.js:154:7)
    at Module.load (internal/modules/cjs/loader.js:599:32)
    at tryModuleLoad (internal/modules/cjs/loader.js:538:12)
    at Function.Module._load (internal/modules/cjs/loader.js:530:3)
    at Module.require (internal/modules/cjs/loader.js:637:17)
    at require (internal/modules/cjs/helpers.js:20:18)
    at Object.<anonymous> (/home/fedorrychkov/projects/svrlab.marketplace/server/app.js:4:1)
    at Module._compile (internal/modules/cjs/loader.js:689:30)
    at loader (/home/fedorrychkov/projects/svrlab.marketplace/node_modules/babel-register/lib/node.js:144:5)
13.10.2018 15:04:19 +03:00 [err] error: uncaughtException: Dialect needs to be explicitly supplied as of v4.0.0
Error: Dialect needs to be explicitly supplied as of v4.0.0
    at new Sequelize (/home/fedorrychkov/projects/svrlab.marketplace/node_modules/sequelize/lib/sequelize.js:181:13)
    at Object.<anonymous> (/home/fedorrychkov/projects/svrlab.marketplace/server/models/index.js:2:19)
    at Module._compile (internal/modules/cjs/loader.js:689:30)
    at loader (/home/fedorrychkov/projects/svrlab.marketplace/node_modules/babel-register/lib/node.js:144:5)
    at Object.require.extensions.(anonymous function) [as .js] (/home/fedorrychkov/projects/svrlab.marketplace/node_modules/babel-register/lib/node.js:154:7)
    at Module.load (internal/modules/cjs/loader.js:599:32)
    at tryModuleLoad (internal/modules/cjs/loader.js:538:12)
    at Function.Module._load (internal/modules/cjs/loader.js:530:3)
    at Module.require (internal/modules/cjs/loader.js:637:17)
    at require (internal/modules/cjs/helpers.js:20:18)
    at Object.<anonymous> (/home/fedorrychkov/projects/svrlab.marketplace/server/routes/routes.js:6:12)
    at Module._compile (internal/modules/cjs/loader.js:689:30)
    at loader (/home/fedorrychkov/projects/svrlab.marketplace/node_modules/babel-register/lib/node.js:144:5)
    at Object.require.extensions.(anonymous function) [as .js] (/home/fedorrychkov/projects/svrlab.marketplace/node_modules/babel-register/lib/node.js:154:7)
    at Module.load (internal/modules/cjs/loader.js:599:32)
    at tryModuleLoad (internal/modules/cjs/loader.js:538:12)
    at Function.Module._load (internal/modules/cjs/loader.js:530:3)
    at Module.require (internal/modules/cjs/loader.js:637:17)
    at require (internal/modules/cjs/helpers.js:20:18)
    at Object.<anonymous> (/home/fedorrychkov/projects/svrlab.marketplace/server/app.js:4:1)
    at Module._compile (internal/modules/cjs/loader.js:689:30)
    at loader (/home/fedorrychkov/projects/svrlab.marketplace/node_modules/babel-register/lib/node.js:144:5)
13.10.2018 15:05:43 +03:00 [err] error: uncaughtException: Dialect needs to be explicitly supplied as of v4.0.0
Error: Dialect needs to be explicitly supplied as of v4.0.0
    at new Sequelize (/home/fedorrychkov/projects/svrlab.marketplace/node_modules/sequelize/lib/sequelize.js:181:13)
    at Object.<anonymous> (/home/fedorrychkov/projects/svrlab.marketplace/server/models/index.js:2:19)
    at Module._compile (internal/modules/cjs/loader.js:689:30)
    at loader (/home/fedorrychkov/projects/svrlab.marketplace/node_modules/babel-register/lib/node.js:144:5)
    at Object.require.extensions.(anonymous function) [as .js] (/home/fedorrychkov/projects/svrlab.marketplace/node_modules/babel-register/lib/node.js:154:7)
    at Module.load (internal/modules/cjs/loader.js:599:32)
    at tryModuleLoad (internal/modules/cjs/loader.js:538:12)
    at Function.Module._load (internal/modules/cjs/loader.js:530:3)
    at Module.require (internal/modules/cjs/loader.js:637:17)
    at require (internal/modules/cjs/helpers.js:20:18)
    at Object.<anonymous> (/home/fedorrychkov/projects/svrlab.marketplace/server/routes/routes.js:6:12)
    at Module._compile (internal/modules/cjs/loader.js:689:30)
    at loader (/home/fedorrychkov/projects/svrlab.marketplace/node_modules/babel-register/lib/node.js:144:5)
    at Object.require.extensions.(anonymous function) [as .js] (/home/fedorrychkov/projects/svrlab.marketplace/node_modules/babel-register/lib/node.js:154:7)
    at Module.load (internal/modules/cjs/loader.js:599:32)
    at tryModuleLoad (internal/modules/cjs/loader.js:538:12)
    at Function.Module._load (internal/modules/cjs/loader.js:530:3)
    at Module.require (internal/modules/cjs/loader.js:637:17)
    at require (internal/modules/cjs/helpers.js:20:18)
    at Object.<anonymous> (/home/fedorrychkov/projects/svrlab.marketplace/server/app.js:4:1)
    at Module._compile (internal/modules/cjs/loader.js:689:30)
    at loader (/home/fedorrychkov/projects/svrlab.marketplace/node_modules/babel-register/lib/node.js:144:5)
13.10.2018 15:07:24 +03:00 [err] error: uncaughtException: Dialect needs to be explicitly supplied as of v4.0.0
Error: Dialect needs to be explicitly supplied as of v4.0.0
    at new Sequelize (/home/fedorrychkov/projects/svrlab.marketplace/node_modules/sequelize/lib/sequelize.js:181:13)
    at Object.<anonymous> (/home/fedorrychkov/projects/svrlab.marketplace/server/models/index.js:2:19)
    at Module._compile (internal/modules/cjs/loader.js:689:30)
    at loader (/home/fedorrychkov/projects/svrlab.marketplace/node_modules/babel-register/lib/node.js:144:5)
    at Object.require.extensions.(anonymous function) [as .js] (/home/fedorrychkov/projects/svrlab.marketplace/node_modules/babel-register/lib/node.js:154:7)
    at Module.load (internal/modules/cjs/loader.js:599:32)
    at tryModuleLoad (internal/modules/cjs/loader.js:538:12)
    at Function.Module._load (internal/modules/cjs/loader.js:530:3)
    at Module.require (internal/modules/cjs/loader.js:637:17)
    at require (internal/modules/cjs/helpers.js:20:18)
    at Object.<anonymous> (/home/fedorrychkov/projects/svrlab.marketplace/server/routes/routes.js:6:12)
    at Module._compile (internal/modules/cjs/loader.js:689:30)
    at loader (/home/fedorrychkov/projects/svrlab.marketplace/node_modules/babel-register/lib/node.js:144:5)
    at Object.require.extensions.(anonymous function) [as .js] (/home/fedorrychkov/projects/svrlab.marketplace/node_modules/babel-register/lib/node.js:154:7)
    at Module.load (internal/modules/cjs/loader.js:599:32)
    at tryModuleLoad (internal/modules/cjs/loader.js:538:12)
    at Function.Module._load (internal/modules/cjs/loader.js:530:3)
    at Module.require (internal/modules/cjs/loader.js:637:17)
    at require (internal/modules/cjs/helpers.js:20:18)
    at Object.<anonymous> (/home/fedorrychkov/projects/svrlab.marketplace/server/app.js:4:1)
    at Module._compile (internal/modules/cjs/loader.js:689:30)
    at loader (/home/fedorrychkov/projects/svrlab.marketplace/node_modules/babel-register/lib/node.js:144:5)
13.10.2018 15:07:44 +03:00 [err] error: uncaughtException: Dialect needs to be explicitly supplied as of v4.0.0
Error: Dialect needs to be explicitly supplied as of v4.0.0
    at new Sequelize (/home/fedorrychkov/projects/svrlab.marketplace/node_modules/sequelize/lib/sequelize.js:181:13)
    at Object.<anonymous> (/home/fedorrychkov/projects/svrlab.marketplace/server/models/index.js:2:19)
    at Module._compile (internal/modules/cjs/loader.js:689:30)
    at loader (/home/fedorrychkov/projects/svrlab.marketplace/node_modules/babel-register/lib/node.js:144:5)
    at Object.require.extensions.(anonymous function) [as .js] (/home/fedorrychkov/projects/svrlab.marketplace/node_modules/babel-register/lib/node.js:154:7)
    at Module.load (internal/modules/cjs/loader.js:599:32)
    at tryModuleLoad (internal/modules/cjs/loader.js:538:12)
    at Function.Module._load (internal/modules/cjs/loader.js:530:3)
    at Module.require (internal/modules/cjs/loader.js:637:17)
    at require (internal/modules/cjs/helpers.js:20:18)
    at Object.<anonymous> (/home/fedorrychkov/projects/svrlab.marketplace/server/routes/routes.js:6:12)
    at Module._compile (internal/modules/cjs/loader.js:689:30)
    at loader (/home/fedorrychkov/projects/svrlab.marketplace/node_modules/babel-register/lib/node.js:144:5)
    at Object.require.extensions.(anonymous function) [as .js] (/home/fedorrychkov/projects/svrlab.marketplace/node_modules/babel-register/lib/node.js:154:7)
    at Module.load (internal/modules/cjs/loader.js:599:32)
    at tryModuleLoad (internal/modules/cjs/loader.js:538:12)
    at Function.Module._load (internal/modules/cjs/loader.js:530:3)
    at Module.require (internal/modules/cjs/loader.js:637:17)
    at require (internal/modules/cjs/helpers.js:20:18)
    at Object.<anonymous> (/home/fedorrychkov/projects/svrlab.marketplace/server/app.js:4:1)
    at Module._compile (internal/modules/cjs/loader.js:689:30)
    at loader (/home/fedorrychkov/projects/svrlab.marketplace/node_modules/babel-register/lib/node.js:144:5)
13.10.2018 15:07:54 +03:00 [err] error: uncaughtException: Dialect needs to be explicitly supplied as of v4.0.0
Error: Dialect needs to be explicitly supplied as of v4.0.0
    at new Sequelize (/home/fedorrychkov/projects/svrlab.marketplace/node_modules/sequelize/lib/sequelize.js:181:13)
    at Object.<anonymous> (/home/fedorrychkov/projects/svrlab.marketplace/server/models/index.js:5:19)
    at Module._compile (internal/modules/cjs/loader.js:689:30)
    at loader (/home/fedorrychkov/projects/svrlab.marketplace/node_modules/babel-register/lib/node.js:144:5)
    at Object.require.extensions.(anonymous function) [as .js] (/home/fedorrychkov/projects/svrlab.marketplace/node_modules/babel-register/lib/node.js:154:7)
    at Module.load (internal/modules/cjs/loader.js:599:32)
    at tryModuleLoad (internal/modules/cjs/loader.js:538:12)
    at Function.Module._load (internal/modules/cjs/loader.js:530:3)
    at Module.require (internal/modules/cjs/loader.js:637:17)
    at require (internal/modules/cjs/helpers.js:20:18)
    at Object.<anonymous> (/home/fedorrychkov/projects/svrlab.marketplace/server/routes/routes.js:6:12)
    at Module._compile (internal/modules/cjs/loader.js:689:30)
    at loader (/home/fedorrychkov/projects/svrlab.marketplace/node_modules/babel-register/lib/node.js:144:5)
    at Object.require.extensions.(anonymous function) [as .js] (/home/fedorrychkov/projects/svrlab.marketplace/node_modules/babel-register/lib/node.js:154:7)
    at Module.load (internal/modules/cjs/loader.js:599:32)
    at tryModuleLoad (internal/modules/cjs/loader.js:538:12)
    at Function.Module._load (internal/modules/cjs/loader.js:530:3)
    at Module.require (internal/modules/cjs/loader.js:637:17)
    at require (internal/modules/cjs/helpers.js:20:18)
    at Object.<anonymous> (/home/fedorrychkov/projects/svrlab.marketplace/server/app.js:4:1)
    at Module._compile (internal/modules/cjs/loader.js:689:30)
    at loader (/home/fedorrychkov/projects/svrlab.marketplace/node_modules/babel-register/lib/node.js:144:5)
13.10.2018 15:11:02 +03:00 [err] error: uncaughtException: Dialect needs to be explicitly supplied as of v4.0.0
Error: Dialect needs to be explicitly supplied as of v4.0.0
    at new Sequelize (/home/fedorrychkov/projects/svrlab.marketplace/node_modules/sequelize/lib/sequelize.js:181:13)
    at Object.<anonymous> (/home/fedorrychkov/projects/svrlab.marketplace/server/models/index.js:5:19)
    at Module._compile (internal/modules/cjs/loader.js:689:30)
    at loader (/home/fedorrychkov/projects/svrlab.marketplace/node_modules/babel-register/lib/node.js:144:5)
    at Object.require.extensions.(anonymous function) [as .js] (/home/fedorrychkov/projects/svrlab.marketplace/node_modules/babel-register/lib/node.js:154:7)
    at Module.load (internal/modules/cjs/loader.js:599:32)
    at tryModuleLoad (internal/modules/cjs/loader.js:538:12)
    at Function.Module._load (internal/modules/cjs/loader.js:530:3)
    at Module.require (internal/modules/cjs/loader.js:637:17)
    at require (internal/modules/cjs/helpers.js:20:18)
    at Object.<anonymous> (/home/fedorrychkov/projects/svrlab.marketplace/server/routes/routes.js:6:12)
    at Module._compile (internal/modules/cjs/loader.js:689:30)
    at loader (/home/fedorrychkov/projects/svrlab.marketplace/node_modules/babel-register/lib/node.js:144:5)
    at Object.require.extensions.(anonymous function) [as .js] (/home/fedorrychkov/projects/svrlab.marketplace/node_modules/babel-register/lib/node.js:154:7)
    at Module.load (internal/modules/cjs/loader.js:599:32)
    at tryModuleLoad (internal/modules/cjs/loader.js:538:12)
    at Function.Module._load (internal/modules/cjs/loader.js:530:3)
    at Module.require (internal/modules/cjs/loader.js:637:17)
    at require (internal/modules/cjs/helpers.js:20:18)
    at Object.<anonymous> (/home/fedorrychkov/projects/svrlab.marketplace/server/app.js:4:1)
    at Module._compile (internal/modules/cjs/loader.js:689:30)
    at loader (/home/fedorrychkov/projects/svrlab.marketplace/node_modules/babel-register/lib/node.js:144:5)
13.10.2018 15:11:09 +03:00 [err] error: uncaughtException: Dialect needs to be explicitly supplied as of v4.0.0
Error: Dialect needs to be explicitly supplied as of v4.0.0
    at new Sequelize (/home/fedorrychkov/projects/svrlab.marketplace/node_modules/sequelize/lib/sequelize.js:181:13)
    at Object.<anonymous> (/home/fedorrychkov/projects/svrlab.marketplace/server/models/index.js:5:19)
    at Module._compile (internal/modules/cjs/loader.js:689:30)
    at loader (/home/fedorrychkov/projects/svrlab.marketplace/node_modules/babel-register/lib/node.js:144:5)
    at Object.require.extensions.(anonymous function) [as .js] (/home/fedorrychkov/projects/svrlab.marketplace/node_modules/babel-register/lib/node.js:154:7)
    at Module.load (internal/modules/cjs/loader.js:599:32)
    at tryModuleLoad (internal/modules/cjs/loader.js:538:12)
    at Function.Module._load (internal/modules/cjs/loader.js:530:3)
    at Module.require (internal/modules/cjs/loader.js:637:17)
    at require (internal/modules/cjs/helpers.js:20:18)
    at Object.<anonymous> (/home/fedorrychkov/projects/svrlab.marketplace/server/routes/routes.js:6:12)
    at Module._compile (internal/modules/cjs/loader.js:689:30)
    at loader (/home/fedorrychkov/projects/svrlab.marketplace/node_modules/babel-register/lib/node.js:144:5)
    at Object.require.extensions.(anonymous function) [as .js] (/home/fedorrychkov/projects/svrlab.marketplace/node_modules/babel-register/lib/node.js:154:7)
    at Module.load (internal/modules/cjs/loader.js:599:32)
    at tryModuleLoad (internal/modules/cjs/loader.js:538:12)
    at Function.Module._load (internal/modules/cjs/loader.js:530:3)
    at Module.require (internal/modules/cjs/loader.js:637:17)
    at require (internal/modules/cjs/helpers.js:20:18)
    at Object.<anonymous> (/home/fedorrychkov/projects/svrlab.marketplace/server/app.js:4:1)
    at Module._compile (internal/modules/cjs/loader.js:689:30)
    at loader (/home/fedorrychkov/projects/svrlab.marketplace/node_modules/babel-register/lib/node.js:144:5)
13.10.2018 15:11:21 +03:00 [err] error: uncaughtException: Cannot read property 'env' of undefined
TypeError: Cannot read property 'env' of undefined
    at Object.<anonymous> (/home/fedorrychkov/projects/svrlab.marketplace/server/models/index.js:3:28)
    at Module._compile (internal/modules/cjs/loader.js:689:30)
    at loader (/home/fedorrychkov/projects/svrlab.marketplace/node_modules/babel-register/lib/node.js:144:5)
    at Object.require.extensions.(anonymous function) [as .js] (/home/fedorrychkov/projects/svrlab.marketplace/node_modules/babel-register/lib/node.js:154:7)
    at Module.load (internal/modules/cjs/loader.js:599:32)
    at tryModuleLoad (internal/modules/cjs/loader.js:538:12)
    at Function.Module._load (internal/modules/cjs/loader.js:530:3)
    at Module.require (internal/modules/cjs/loader.js:637:17)
    at require (internal/modules/cjs/helpers.js:20:18)
    at Object.<anonymous> (/home/fedorrychkov/projects/svrlab.marketplace/server/routes/routes.js:6:12)
    at Module._compile (internal/modules/cjs/loader.js:689:30)
    at loader (/home/fedorrychkov/projects/svrlab.marketplace/node_modules/babel-register/lib/node.js:144:5)
    at Object.require.extensions.(anonymous function) [as .js] (/home/fedorrychkov/projects/svrlab.marketplace/node_modules/babel-register/lib/node.js:154:7)
    at Module.load (internal/modules/cjs/loader.js:599:32)
    at tryModuleLoad (internal/modules/cjs/loader.js:538:12)
    at Function.Module._load (internal/modules/cjs/loader.js:530:3)
    at Module.require (internal/modules/cjs/loader.js:637:17)
    at require (internal/modules/cjs/helpers.js:20:18)
    at Object.<anonymous> (/home/fedorrychkov/projects/svrlab.marketplace/server/app.js:4:1)
    at Module._compile (internal/modules/cjs/loader.js:689:30)
    at loader (/home/fedorrychkov/projects/svrlab.marketplace/node_modules/babel-register/lib/node.js:144:5)
    at Object.require.extensions.(anonymous function) [as .js] (/home/fedorrychkov/projects/svrlab.marketplace/node_modules/babel-register/lib/node.js:154:7)
13.10.2018 15:11:36 +03:00 [err] error: uncaughtException: Dialect needs to be explicitly supplied as of v4.0.0
Error: Dialect needs to be explicitly supplied as of v4.0.0
    at new Sequelize (/home/fedorrychkov/projects/svrlab.marketplace/node_modules/sequelize/lib/sequelize.js:181:13)
    at Object.<anonymous> (/home/fedorrychkov/projects/svrlab.marketplace/server/models/index.js:5:19)
    at Module._compile (internal/modules/cjs/loader.js:689:30)
    at loader (/home/fedorrychkov/projects/svrlab.marketplace/node_modules/babel-register/lib/node.js:144:5)
    at Object.require.extensions.(anonymous function) [as .js] (/home/fedorrychkov/projects/svrlab.marketplace/node_modules/babel-register/lib/node.js:154:7)
    at Module.load (internal/modules/cjs/loader.js:599:32)
    at tryModuleLoad (internal/modules/cjs/loader.js:538:12)
    at Function.Module._load (internal/modules/cjs/loader.js:530:3)
    at Module.require (internal/modules/cjs/loader.js:637:17)
    at require (internal/modules/cjs/helpers.js:20:18)
    at Object.<anonymous> (/home/fedorrychkov/projects/svrlab.marketplace/server/routes/routes.js:6:12)
    at Module._compile (internal/modules/cjs/loader.js:689:30)
    at loader (/home/fedorrychkov/projects/svrlab.marketplace/node_modules/babel-register/lib/node.js:144:5)
    at Object.require.extensions.(anonymous function) [as .js] (/home/fedorrychkov/projects/svrlab.marketplace/node_modules/babel-register/lib/node.js:154:7)
    at Module.load (internal/modules/cjs/loader.js:599:32)
    at tryModuleLoad (internal/modules/cjs/loader.js:538:12)
    at Function.Module._load (internal/modules/cjs/loader.js:530:3)
    at Module.require (internal/modules/cjs/loader.js:637:17)
    at require (internal/modules/cjs/helpers.js:20:18)
    at Object.<anonymous> (/home/fedorrychkov/projects/svrlab.marketplace/server/app.js:4:1)
    at Module._compile (internal/modules/cjs/loader.js:689:30)
    at loader (/home/fedorrychkov/projects/svrlab.marketplace/node_modules/babel-register/lib/node.js:144:5)
13.10.2018 15:13:11 +03:00 [err] error: uncaughtException: Dialect needs to be explicitly supplied as of v4.0.0
Error: Dialect needs to be explicitly supplied as of v4.0.0
    at new Sequelize (/home/fedorrychkov/projects/svrlab.marketplace/node_modules/sequelize/lib/sequelize.js:181:13)
    at Object.<anonymous> (/home/fedorrychkov/projects/svrlab.marketplace/server/models/index.js:4:19)
    at Module._compile (internal/modules/cjs/loader.js:689:30)
    at loader (/home/fedorrychkov/projects/svrlab.marketplace/node_modules/babel-register/lib/node.js:144:5)
    at Object.require.extensions.(anonymous function) [as .js] (/home/fedorrychkov/projects/svrlab.marketplace/node_modules/babel-register/lib/node.js:154:7)
    at Module.load (internal/modules/cjs/loader.js:599:32)
    at tryModuleLoad (internal/modules/cjs/loader.js:538:12)
    at Function.Module._load (internal/modules/cjs/loader.js:530:3)
    at Module.require (internal/modules/cjs/loader.js:637:17)
    at require (internal/modules/cjs/helpers.js:20:18)
    at Object.<anonymous> (/home/fedorrychkov/projects/svrlab.marketplace/server/routes/routes.js:6:12)
    at Module._compile (internal/modules/cjs/loader.js:689:30)
    at loader (/home/fedorrychkov/projects/svrlab.marketplace/node_modules/babel-register/lib/node.js:144:5)
    at Object.require.extensions.(anonymous function) [as .js] (/home/fedorrychkov/projects/svrlab.marketplace/node_modules/babel-register/lib/node.js:154:7)
    at Module.load (internal/modules/cjs/loader.js:599:32)
    at tryModuleLoad (internal/modules/cjs/loader.js:538:12)
    at Function.Module._load (internal/modules/cjs/loader.js:530:3)
    at Module.require (internal/modules/cjs/loader.js:637:17)
    at require (internal/modules/cjs/helpers.js:20:18)
    at Object.<anonymous> (/home/fedorrychkov/projects/svrlab.marketplace/server/app.js:4:1)
    at Module._compile (internal/modules/cjs/loader.js:689:30)
    at loader (/home/fedorrychkov/projects/svrlab.marketplace/node_modules/babel-register/lib/node.js:144:5)
13.10.2018 15:16:17 +03:00 [err] error: uncaughtException: A column called 'id' was added to the attributes of 'Users' but not marked with 'primaryKey: true'
Error: A column called 'id' was added to the attributes of 'Users' but not marked with 'primaryKey: true'
    at Function._addDefaultAttributes (/home/fedorrychkov/projects/svrlab.marketplace/node_modules/sequelize/lib/model.js:111:15)
    at Function.init (/home/fedorrychkov/projects/svrlab.marketplace/node_modules/sequelize/lib/model.js:841:10)
    at Function.init (/home/fedorrychkov/projects/svrlab.marketplace/server/models/users.js:7:5)
    at Object.<anonymous> (/home/fedorrychkov/projects/svrlab.marketplace/server/models/index.js:16:16)
    at Module._compile (internal/modules/cjs/loader.js:689:30)
    at loader (/home/fedorrychkov/projects/svrlab.marketplace/node_modules/babel-register/lib/node.js:144:5)
    at Object.require.extensions.(anonymous function) [as .js] (/home/fedorrychkov/projects/svrlab.marketplace/node_modules/babel-register/lib/node.js:154:7)
    at Module.load (internal/modules/cjs/loader.js:599:32)
    at tryModuleLoad (internal/modules/cjs/loader.js:538:12)
    at Function.Module._load (internal/modules/cjs/loader.js:530:3)
    at Module.require (internal/modules/cjs/loader.js:637:17)
    at require (internal/modules/cjs/helpers.js:20:18)
    at Object.<anonymous> (/home/fedorrychkov/projects/svrlab.marketplace/server/routes/routes.js:6:12)
    at Module._compile (internal/modules/cjs/loader.js:689:30)
    at loader (/home/fedorrychkov/projects/svrlab.marketplace/node_modules/babel-register/lib/node.js:144:5)
    at Object.require.extensions.(anonymous function) [as .js] (/home/fedorrychkov/projects/svrlab.marketplace/node_modules/babel-register/lib/node.js:154:7)
    at Module.load (internal/modules/cjs/loader.js:599:32)
    at tryModuleLoad (internal/modules/cjs/loader.js:538:12)
    at Function.Module._load (internal/modules/cjs/loader.js:530:3)
    at Module.require (internal/modules/cjs/loader.js:637:17)
    at require (internal/modules/cjs/helpers.js:20:18)
    at Object.<anonymous> (/home/fedorrychkov/projects/svrlab.marketplace/server/app.js:4:1)
13.10.2018 15:16:29 +03:00 [err] error: uncaughtException: A column called 'id' was added to the attributes of 'Users' but not marked with 'primaryKey: true'
Error: A column called 'id' was added to the attributes of 'Users' but not marked with 'primaryKey: true'
    at Function._addDefaultAttributes (/home/fedorrychkov/projects/svrlab.marketplace/node_modules/sequelize/lib/model.js:111:15)
    at Function.init (/home/fedorrychkov/projects/svrlab.marketplace/node_modules/sequelize/lib/model.js:841:10)
    at Function.init (/home/fedorrychkov/projects/svrlab.marketplace/server/models/users.js:7:5)
    at Object.<anonymous> (/home/fedorrychkov/projects/svrlab.marketplace/server/models/index.js:16:16)
    at Module._compile (internal/modules/cjs/loader.js:689:30)
    at loader (/home/fedorrychkov/projects/svrlab.marketplace/node_modules/babel-register/lib/node.js:144:5)
    at Object.require.extensions.(anonymous function) [as .js] (/home/fedorrychkov/projects/svrlab.marketplace/node_modules/babel-register/lib/node.js:154:7)
    at Module.load (internal/modules/cjs/loader.js:599:32)
    at tryModuleLoad (internal/modules/cjs/loader.js:538:12)
    at Function.Module._load (internal/modules/cjs/loader.js:530:3)
    at Module.require (internal/modules/cjs/loader.js:637:17)
    at require (internal/modules/cjs/helpers.js:20:18)
    at Object.<anonymous> (/home/fedorrychkov/projects/svrlab.marketplace/server/routes/routes.js:6:12)
    at Module._compile (internal/modules/cjs/loader.js:689:30)
    at loader (/home/fedorrychkov/projects/svrlab.marketplace/node_modules/babel-register/lib/node.js:144:5)
    at Object.require.extensions.(anonymous function) [as .js] (/home/fedorrychkov/projects/svrlab.marketplace/node_modules/babel-register/lib/node.js:154:7)
    at Module.load (internal/modules/cjs/loader.js:599:32)
    at tryModuleLoad (internal/modules/cjs/loader.js:538:12)
    at Function.Module._load (internal/modules/cjs/loader.js:530:3)
    at Module.require (internal/modules/cjs/loader.js:637:17)
    at require (internal/modules/cjs/helpers.js:20:18)
    at Object.<anonymous> (/home/fedorrychkov/projects/svrlab.marketplace/server/app.js:4:1)
13.10.2018 15:18:48 +03:00 [err] error: uncaughtException: Users is not defined
ReferenceError: Users is not defined
    at Object.<anonymous> (/home/fedorrychkov/projects/svrlab.marketplace/server/routes/routes.js:5:15)
    at Module._compile (internal/modules/cjs/loader.js:689:30)
    at loader (/home/fedorrychkov/projects/svrlab.marketplace/node_modules/babel-register/lib/node.js:144:5)
    at Object.require.extensions.(anonymous function) [as .js] (/home/fedorrychkov/projects/svrlab.marketplace/node_modules/babel-register/lib/node.js:154:7)
    at Module.load (internal/modules/cjs/loader.js:599:32)
    at tryModuleLoad (internal/modules/cjs/loader.js:538:12)
    at Function.Module._load (internal/modules/cjs/loader.js:530:3)
    at Module.require (internal/modules/cjs/loader.js:637:17)
    at require (internal/modules/cjs/helpers.js:20:18)
    at Object.<anonymous> (/home/fedorrychkov/projects/svrlab.marketplace/server/app.js:4:1)
13.10.2018 15:36:43 +03:00 [err] error: uncaughtException: Cannot find module './models'
Error: Cannot find module './models'
    at Function.Module._resolveFilename (internal/modules/cjs/loader.js:581:15)
    at Function.Module._load (internal/modules/cjs/loader.js:507:25)
    at Module.require (internal/modules/cjs/loader.js:637:17)
    at require (internal/modules/cjs/helpers.js:20:18)
    at Object.<anonymous> (/home/fedorrychkov/projects/svrlab.marketplace/server/routes/routes.js:6:12)
    at Module._compile (internal/modules/cjs/loader.js:689:30)
    at loader (/home/fedorrychkov/projects/svrlab.marketplace/node_modules/babel-register/lib/node.js:144:5)
    at Object.require.extensions.(anonymous function) [as .js] (/home/fedorrychkov/projects/svrlab.marketplace/node_modules/babel-register/lib/node.js:154:7)
    at Module.load (internal/modules/cjs/loader.js:599:32)
    at tryModuleLoad (internal/modules/cjs/loader.js:538:12)
    at Function.Module._load (internal/modules/cjs/loader.js:530:3)
    at Module.require (internal/modules/cjs/loader.js:637:17)
    at require (internal/modules/cjs/helpers.js:20:18)
    at Object.<anonymous> (/home/fedorrychkov/projects/svrlab.marketplace/server/app.js:4:1)
    at Module._compile (internal/modules/cjs/loader.js:689:30)
    at loader (/home/fedorrychkov/projects/svrlab.marketplace/node_modules/babel-register/lib/node.js:144:5)
    at Object.require.extensions.(anonymous function) [as .js] (/home/fedorrychkov/projects/svrlab.marketplace/node_modules/babel-register/lib/node.js:154:7)
    at Module.load (internal/modules/cjs/loader.js:599:32)
    at tryModuleLoad (internal/modules/cjs/loader.js:538:12)
    at Function.Module._load (internal/modules/cjs/loader.js:530:3)
    at Module.require (internal/modules/cjs/loader.js:637:17)
    at require (internal/modules/cjs/helpers.js:20:18)
13.10.2018 15:37:58 +03:00 [err] error: uncaughtException: sequelize.addModels is not a function
TypeError: sequelize.addModels is not a function
    at Object.<anonymous> (/home/fedorrychkov/projects/svrlab.marketplace/server/models/index.js:24:13)
    at Module._compile (internal/modules/cjs/loader.js:689:30)
    at loader (/home/fedorrychkov/projects/svrlab.marketplace/node_modules/babel-register/lib/node.js:144:5)
    at Object.require.extensions.(anonymous function) [as .js] (/home/fedorrychkov/projects/svrlab.marketplace/node_modules/babel-register/lib/node.js:154:7)
    at Module.load (internal/modules/cjs/loader.js:599:32)
    at tryModuleLoad (internal/modules/cjs/loader.js:538:12)
    at Function.Module._load (internal/modules/cjs/loader.js:530:3)
    at Module.require (internal/modules/cjs/loader.js:637:17)
    at require (internal/modules/cjs/helpers.js:20:18)
    at Object.<anonymous> (/home/fedorrychkov/projects/svrlab.marketplace/server/routes/routes.js:6:12)
    at Module._compile (internal/modules/cjs/loader.js:689:30)
    at loader (/home/fedorrychkov/projects/svrlab.marketplace/node_modules/babel-register/lib/node.js:144:5)
    at Object.require.extensions.(anonymous function) [as .js] (/home/fedorrychkov/projects/svrlab.marketplace/node_modules/babel-register/lib/node.js:154:7)
    at Module.load (internal/modules/cjs/loader.js:599:32)
    at tryModuleLoad (internal/modules/cjs/loader.js:538:12)
    at Function.Module._load (internal/modules/cjs/loader.js:530:3)
    at Module.require (internal/modules/cjs/loader.js:637:17)
    at require (internal/modules/cjs/helpers.js:20:18)
    at Object.<anonymous> (/home/fedorrychkov/projects/svrlab.marketplace/server/app.js:4:1)
    at Module._compile (internal/modules/cjs/loader.js:689:30)
    at loader (/home/fedorrychkov/projects/svrlab.marketplace/node_modules/babel-register/lib/node.js:144:5)
    at Object.require.extensions.(anonymous function) [as .js] (/home/fedorrychkov/projects/svrlab.marketplace/node_modules/babel-register/lib/node.js:154:7)
13.10.2018 15:39:40 +03:00 [err] error: uncaughtException: dbConfig is not defined
ReferenceError: dbConfig is not defined
    at Object.<anonymous> (/home/fedorrychkov/projects/svrlab.marketplace/server/models/index.js:33:5)
    at Module._compile (internal/modules/cjs/loader.js:689:30)
    at loader (/home/fedorrychkov/projects/svrlab.marketplace/node_modules/babel-register/lib/node.js:144:5)
    at Object.require.extensions.(anonymous function) [as .js] (/home/fedorrychkov/projects/svrlab.marketplace/node_modules/babel-register/lib/node.js:154:7)
    at Module.load (internal/modules/cjs/loader.js:599:32)
    at tryModuleLoad (internal/modules/cjs/loader.js:538:12)
    at Function.Module._load (internal/modules/cjs/loader.js:530:3)
    at Module.require (internal/modules/cjs/loader.js:637:17)
    at require (internal/modules/cjs/helpers.js:20:18)
    at Object.<anonymous> (/home/fedorrychkov/projects/svrlab.marketplace/server/routes/routes.js:6:12)
    at Module._compile (internal/modules/cjs/loader.js:689:30)
    at loader (/home/fedorrychkov/projects/svrlab.marketplace/node_modules/babel-register/lib/node.js:144:5)
    at Object.require.extensions.(anonymous function) [as .js] (/home/fedorrychkov/projects/svrlab.marketplace/node_modules/babel-register/lib/node.js:154:7)
    at Module.load (internal/modules/cjs/loader.js:599:32)
    at tryModuleLoad (internal/modules/cjs/loader.js:538:12)
    at Function.Module._load (internal/modules/cjs/loader.js:530:3)
    at Module.require (internal/modules/cjs/loader.js:637:17)
    at require (internal/modules/cjs/helpers.js:20:18)
    at Object.<anonymous> (/home/fedorrychkov/projects/svrlab.marketplace/server/app.js:4:1)
    at Module._compile (internal/modules/cjs/loader.js:689:30)
    at loader (/home/fedorrychkov/projects/svrlab.marketplace/node_modules/babel-register/lib/node.js:144:5)
    at Object.require.extensions.(anonymous function) [as .js] (/home/fedorrychkov/projects/svrlab.marketplace/node_modules/babel-register/lib/node.js:154:7)
13.10.2018 15:40:01 +03:00 [err] error: uncaughtException: dbConfig is not defined
ReferenceError: dbConfig is not defined
    at Object.<anonymous> (/home/fedorrychkov/projects/svrlab.marketplace/server/models/index.js:33:5)
    at Module._compile (internal/modules/cjs/loader.js:689:30)
    at loader (/home/fedorrychkov/projects/svrlab.marketplace/node_modules/babel-register/lib/node.js:144:5)
    at Object.require.extensions.(anonymous function) [as .js] (/home/fedorrychkov/projects/svrlab.marketplace/node_modules/babel-register/lib/node.js:154:7)
    at Module.load (internal/modules/cjs/loader.js:599:32)
    at tryModuleLoad (internal/modules/cjs/loader.js:538:12)
    at Function.Module._load (internal/modules/cjs/loader.js:530:3)
    at Module.require (internal/modules/cjs/loader.js:637:17)
    at require (internal/modules/cjs/helpers.js:20:18)
    at Object.<anonymous> (/home/fedorrychkov/projects/svrlab.marketplace/server/routes/routes.js:6:12)
    at Module._compile (internal/modules/cjs/loader.js:689:30)
    at loader (/home/fedorrychkov/projects/svrlab.marketplace/node_modules/babel-register/lib/node.js:144:5)
    at Object.require.extensions.(anonymous function) [as .js] (/home/fedorrychkov/projects/svrlab.marketplace/node_modules/babel-register/lib/node.js:154:7)
    at Module.load (internal/modules/cjs/loader.js:599:32)
    at tryModuleLoad (internal/modules/cjs/loader.js:538:12)
    at Function.Module._load (internal/modules/cjs/loader.js:530:3)
    at Module.require (internal/modules/cjs/loader.js:637:17)
    at require (internal/modules/cjs/helpers.js:20:18)
    at Object.<anonymous> (/home/fedorrychkov/projects/svrlab.marketplace/server/app.js:4:1)
    at Module._compile (internal/modules/cjs/loader.js:689:30)
    at loader (/home/fedorrychkov/projects/svrlab.marketplace/node_modules/babel-register/lib/node.js:144:5)
    at Object.require.extensions.(anonymous function) [as .js] (/home/fedorrychkov/projects/svrlab.marketplace/node_modules/babel-register/lib/node.js:154:7)
13.10.2018 15:40:03 +03:00 [err] error: uncaughtException: Users.init is not a function
TypeError: Users.init is not a function
    at Object.<anonymous> (/home/fedorrychkov/projects/svrlab.marketplace/server/models/index.js:45:18)
    at Module._compile (internal/modules/cjs/loader.js:689:30)
    at loader (/home/fedorrychkov/projects/svrlab.marketplace/node_modules/babel-register/lib/node.js:144:5)
    at Object.require.extensions.(anonymous function) [as .js] (/home/fedorrychkov/projects/svrlab.marketplace/node_modules/babel-register/lib/node.js:154:7)
    at Module.load (internal/modules/cjs/loader.js:599:32)
    at tryModuleLoad (internal/modules/cjs/loader.js:538:12)
    at Function.Module._load (internal/modules/cjs/loader.js:530:3)
    at Module.require (internal/modules/cjs/loader.js:637:17)
    at require (internal/modules/cjs/helpers.js:20:18)
    at Object.<anonymous> (/home/fedorrychkov/projects/svrlab.marketplace/server/routes/routes.js:6:12)
    at Module._compile (internal/modules/cjs/loader.js:689:30)
    at loader (/home/fedorrychkov/projects/svrlab.marketplace/node_modules/babel-register/lib/node.js:144:5)
    at Object.require.extensions.(anonymous function) [as .js] (/home/fedorrychkov/projects/svrlab.marketplace/node_modules/babel-register/lib/node.js:154:7)
    at Module.load (internal/modules/cjs/loader.js:599:32)
    at tryModuleLoad (internal/modules/cjs/loader.js:538:12)
    at Function.Module._load (internal/modules/cjs/loader.js:530:3)
    at Module.require (internal/modules/cjs/loader.js:637:17)
    at require (internal/modules/cjs/helpers.js:20:18)
    at Object.<anonymous> (/home/fedorrychkov/projects/svrlab.marketplace/server/app.js:4:1)
    at Module._compile (internal/modules/cjs/loader.js:689:30)
    at loader (/home/fedorrychkov/projects/svrlab.marketplace/node_modules/babel-register/lib/node.js:144:5)
    at Object.require.extensions.(anonymous function) [as .js] (/home/fedorrychkov/projects/svrlab.marketplace/node_modules/babel-register/lib/node.js:154:7)
13.10.2018 15:40:31 +03:00 [err] error: uncaughtException: Users.init is not a function
TypeError: Users.init is not a function
    at Object.<anonymous> (/home/fedorrychkov/projects/svrlab.marketplace/server/models/index.js:45:18)
    at Module._compile (internal/modules/cjs/loader.js:689:30)
    at loader (/home/fedorrychkov/projects/svrlab.marketplace/node_modules/babel-register/lib/node.js:144:5)
    at Object.require.extensions.(anonymous function) [as .js] (/home/fedorrychkov/projects/svrlab.marketplace/node_modules/babel-register/lib/node.js:154:7)
    at Module.load (internal/modules/cjs/loader.js:599:32)
    at tryModuleLoad (internal/modules/cjs/loader.js:538:12)
    at Function.Module._load (internal/modules/cjs/loader.js:530:3)
    at Module.require (internal/modules/cjs/loader.js:637:17)
    at require (internal/modules/cjs/helpers.js:20:18)
    at Object.<anonymous> (/home/fedorrychkov/projects/svrlab.marketplace/server/routes/routes.js:6:12)
    at Module._compile (internal/modules/cjs/loader.js:689:30)
    at loader (/home/fedorrychkov/projects/svrlab.marketplace/node_modules/babel-register/lib/node.js:144:5)
    at Object.require.extensions.(anonymous function) [as .js] (/home/fedorrychkov/projects/svrlab.marketplace/node_modules/babel-register/lib/node.js:154:7)
    at Module.load (internal/modules/cjs/loader.js:599:32)
    at tryModuleLoad (internal/modules/cjs/loader.js:538:12)
    at Function.Module._load (internal/modules/cjs/loader.js:530:3)
    at Module.require (internal/modules/cjs/loader.js:637:17)
    at require (internal/modules/cjs/helpers.js:20:18)
    at Object.<anonymous> (/home/fedorrychkov/projects/svrlab.marketplace/server/app.js:4:1)
    at Module._compile (internal/modules/cjs/loader.js:689:30)
    at loader (/home/fedorrychkov/projects/svrlab.marketplace/node_modules/babel-register/lib/node.js:144:5)
    at Object.require.extensions.(anonymous function) [as .js] (/home/fedorrychkov/projects/svrlab.marketplace/node_modules/babel-register/lib/node.js:154:7)
13.10.2018 15:42:44 +03:00 [err] error: uncaughtException: Cannot read property 'createdAt' of undefined
TypeError: Cannot read property 'createdAt' of undefined
    at Model._initValues (/home/fedorrychkov/projects/svrlab.marketplace/node_modules/sequelize/lib/model.js:3133:49)
    at new Model (/home/fedorrychkov/projects/svrlab.marketplace/node_modules/sequelize/lib/model.js:3107:10)
    at Object.<anonymous> (/home/fedorrychkov/projects/svrlab.marketplace/server/models/users.js:3:15)
    at Module._compile (internal/modules/cjs/loader.js:689:30)
    at loader (/home/fedorrychkov/projects/svrlab.marketplace/node_modules/babel-register/lib/node.js:144:5)
    at Object.require.extensions.(anonymous function) [as .js] (/home/fedorrychkov/projects/svrlab.marketplace/node_modules/babel-register/lib/node.js:154:7)
    at Module.load (internal/modules/cjs/loader.js:599:32)
    at tryModuleLoad (internal/modules/cjs/loader.js:538:12)
    at Function.Module._load (internal/modules/cjs/loader.js:530:3)
    at Module.require (internal/modules/cjs/loader.js:637:17)
    at require (internal/modules/cjs/helpers.js:20:18)
    at Object.<anonymous> (/home/fedorrychkov/projects/svrlab.marketplace/server/routes/routes.js:3:1)
    at Module._compile (internal/modules/cjs/loader.js:689:30)
    at loader (/home/fedorrychkov/projects/svrlab.marketplace/node_modules/babel-register/lib/node.js:144:5)
    at Object.require.extensions.(anonymous function) [as .js] (/home/fedorrychkov/projects/svrlab.marketplace/node_modules/babel-register/lib/node.js:154:7)
    at Module.load (internal/modules/cjs/loader.js:599:32)
    at tryModuleLoad (internal/modules/cjs/loader.js:538:12)
    at Function.Module._load (internal/modules/cjs/loader.js:530:3)
    at Module.require (internal/modules/cjs/loader.js:637:17)
    at require (internal/modules/cjs/helpers.js:20:18)
    at Object.<anonymous> (/home/fedorrychkov/projects/svrlab.marketplace/server/app.js:4:1)
    at Module._compile (internal/modules/cjs/loader.js:689:30)
13.10.2018 15:43:24 +03:00 [err] error: uncaughtException: Cannot read property 'createdAt' of undefined
TypeError: Cannot read property 'createdAt' of undefined
    at Model._initValues (/home/fedorrychkov/projects/svrlab.marketplace/node_modules/sequelize/lib/model.js:3133:49)
    at new Model (/home/fedorrychkov/projects/svrlab.marketplace/node_modules/sequelize/lib/model.js:3107:10)
    at Object.<anonymous> (/home/fedorrychkov/projects/svrlab.marketplace/server/models/users.js:3:15)
    at Module._compile (internal/modules/cjs/loader.js:689:30)
    at loader (/home/fedorrychkov/projects/svrlab.marketplace/node_modules/babel-register/lib/node.js:144:5)
    at Object.require.extensions.(anonymous function) [as .js] (/home/fedorrychkov/projects/svrlab.marketplace/node_modules/babel-register/lib/node.js:154:7)
    at Module.load (internal/modules/cjs/loader.js:599:32)
    at tryModuleLoad (internal/modules/cjs/loader.js:538:12)
    at Function.Module._load (internal/modules/cjs/loader.js:530:3)
    at Module.require (internal/modules/cjs/loader.js:637:17)
    at require (internal/modules/cjs/helpers.js:20:18)
    at Object.<anonymous> (/home/fedorrychkov/projects/svrlab.marketplace/server/routes/routes.js:3:1)
    at Module._compile (internal/modules/cjs/loader.js:689:30)
    at loader (/home/fedorrychkov/projects/svrlab.marketplace/node_modules/babel-register/lib/node.js:144:5)
    at Object.require.extensions.(anonymous function) [as .js] (/home/fedorrychkov/projects/svrlab.marketplace/node_modules/babel-register/lib/node.js:154:7)
    at Module.load (internal/modules/cjs/loader.js:599:32)
    at tryModuleLoad (internal/modules/cjs/loader.js:538:12)
    at Function.Module._load (internal/modules/cjs/loader.js:530:3)
    at Module.require (internal/modules/cjs/loader.js:637:17)
    at require (internal/modules/cjs/helpers.js:20:18)
    at Object.<anonymous> (/home/fedorrychkov/projects/svrlab.marketplace/server/app.js:4:1)
    at Module._compile (internal/modules/cjs/loader.js:689:30)
13.10.2018 15:43:38 +03:00 [err] error: uncaughtException: Cannot read property 'createdAt' of undefined
TypeError: Cannot read property 'createdAt' of undefined
    at Model._initValues (/home/fedorrychkov/projects/svrlab.marketplace/node_modules/sequelize/lib/model.js:3133:49)
    at new Model (/home/fedorrychkov/projects/svrlab.marketplace/node_modules/sequelize/lib/model.js:3107:10)
    at Object.<anonymous> (/home/fedorrychkov/projects/svrlab.marketplace/server/models/users.js:3:15)
    at Module._compile (internal/modules/cjs/loader.js:689:30)
    at loader (/home/fedorrychkov/projects/svrlab.marketplace/node_modules/babel-register/lib/node.js:144:5)
    at Object.require.extensions.(anonymous function) [as .js] (/home/fedorrychkov/projects/svrlab.marketplace/node_modules/babel-register/lib/node.js:154:7)
    at Module.load (internal/modules/cjs/loader.js:599:32)
    at tryModuleLoad (internal/modules/cjs/loader.js:538:12)
    at Function.Module._load (internal/modules/cjs/loader.js:530:3)
    at Module.require (internal/modules/cjs/loader.js:637:17)
    at require (internal/modules/cjs/helpers.js:20:18)
    at Object.<anonymous> (/home/fedorrychkov/projects/svrlab.marketplace/server/routes/routes.js:3:1)
    at Module._compile (internal/modules/cjs/loader.js:689:30)
    at loader (/home/fedorrychkov/projects/svrlab.marketplace/node_modules/babel-register/lib/node.js:144:5)
    at Object.require.extensions.(anonymous function) [as .js] (/home/fedorrychkov/projects/svrlab.marketplace/node_modules/babel-register/lib/node.js:154:7)
    at Module.load (internal/modules/cjs/loader.js:599:32)
    at tryModuleLoad (internal/modules/cjs/loader.js:538:12)
    at Function.Module._load (internal/modules/cjs/loader.js:530:3)
    at Module.require (internal/modules/cjs/loader.js:637:17)
    at require (internal/modules/cjs/helpers.js:20:18)
    at Object.<anonymous> (/home/fedorrychkov/projects/svrlab.marketplace/server/app.js:4:1)
    at Module._compile (internal/modules/cjs/loader.js:689:30)
13.10.2018 15:44:13 +03:00 [err] error: uncaughtException: Cannot read property 'init' of undefined
TypeError: Cannot read property 'init' of undefined
    at Object.<anonymous> (/home/fedorrychkov/projects/svrlab.marketplace/server/models/index.js:17:16)
    at Module._compile (internal/modules/cjs/loader.js:689:30)
    at loader (/home/fedorrychkov/projects/svrlab.marketplace/node_modules/babel-register/lib/node.js:144:5)
    at Object.require.extensions.(anonymous function) [as .js] (/home/fedorrychkov/projects/svrlab.marketplace/node_modules/babel-register/lib/node.js:154:7)
    at Module.load (internal/modules/cjs/loader.js:599:32)
    at tryModuleLoad (internal/modules/cjs/loader.js:538:12)
    at Function.Module._load (internal/modules/cjs/loader.js:530:3)
    at Module.require (internal/modules/cjs/loader.js:637:17)
    at require (internal/modules/cjs/helpers.js:20:18)
    at Object.<anonymous> (/home/fedorrychkov/projects/svrlab.marketplace/server/models/users.js:3:1)
    at Module._compile (internal/modules/cjs/loader.js:689:30)
    at loader (/home/fedorrychkov/projects/svrlab.marketplace/node_modules/babel-register/lib/node.js:144:5)
    at Object.require.extensions.(anonymous function) [as .js] (/home/fedorrychkov/projects/svrlab.marketplace/node_modules/babel-register/lib/node.js:154:7)
    at Module.load (internal/modules/cjs/loader.js:599:32)
    at tryModuleLoad (internal/modules/cjs/loader.js:538:12)
    at Function.Module._load (internal/modules/cjs/loader.js:530:3)
    at Module.require (internal/modules/cjs/loader.js:637:17)
    at require (internal/modules/cjs/helpers.js:20:18)
    at Object.<anonymous> (/home/fedorrychkov/projects/svrlab.marketplace/server/routes/routes.js:3:1)
    at Module._compile (internal/modules/cjs/loader.js:689:30)
    at loader (/home/fedorrychkov/projects/svrlab.marketplace/node_modules/babel-register/lib/node.js:144:5)
    at Object.require.extensions.(anonymous function) [as .js] (/home/fedorrychkov/projects/svrlab.marketplace/node_modules/babel-register/lib/node.js:154:7)
13.10.2018 15:44:40 +03:00 [err] error: uncaughtException: Cannot read property 'init' of undefined
TypeError: Cannot read property 'init' of undefined
    at Object.<anonymous> (/home/fedorrychkov/projects/svrlab.marketplace/server/models/index.js:17:16)
    at Module._compile (internal/modules/cjs/loader.js:689:30)
    at loader (/home/fedorrychkov/projects/svrlab.marketplace/node_modules/babel-register/lib/node.js:144:5)
    at Object.require.extensions.(anonymous function) [as .js] (/home/fedorrychkov/projects/svrlab.marketplace/node_modules/babel-register/lib/node.js:154:7)
    at Module.load (internal/modules/cjs/loader.js:599:32)
    at tryModuleLoad (internal/modules/cjs/loader.js:538:12)
    at Function.Module._load (internal/modules/cjs/loader.js:530:3)
    at Module.require (internal/modules/cjs/loader.js:637:17)
    at require (internal/modules/cjs/helpers.js:20:18)
    at Object.<anonymous> (/home/fedorrychkov/projects/svrlab.marketplace/server/models/users.js:3:1)
    at Module._compile (internal/modules/cjs/loader.js:689:30)
    at loader (/home/fedorrychkov/projects/svrlab.marketplace/node_modules/babel-register/lib/node.js:144:5)
    at Object.require.extensions.(anonymous function) [as .js] (/home/fedorrychkov/projects/svrlab.marketplace/node_modules/babel-register/lib/node.js:154:7)
    at Module.load (internal/modules/cjs/loader.js:599:32)
    at tryModuleLoad (internal/modules/cjs/loader.js:538:12)
    at Function.Module._load (internal/modules/cjs/loader.js:530:3)
    at Module.require (internal/modules/cjs/loader.js:637:17)
    at require (internal/modules/cjs/helpers.js:20:18)
    at Object.<anonymous> (/home/fedorrychkov/projects/svrlab.marketplace/server/routes/routes.js:3:1)
    at Module._compile (internal/modules/cjs/loader.js:689:30)
    at loader (/home/fedorrychkov/projects/svrlab.marketplace/node_modules/babel-register/lib/node.js:144:5)
    at Object.require.extensions.(anonymous function) [as .js] (/home/fedorrychkov/projects/svrlab.marketplace/node_modules/babel-register/lib/node.js:154:7)
13.10.2018 15:45:14 +03:00 [err] error: uncaughtException: Dialect needs to be explicitly supplied as of v4.0.0
Error: Dialect needs to be explicitly supplied as of v4.0.0
    at new Sequelize (/home/fedorrychkov/projects/svrlab.marketplace/node_modules/sequelize/lib/sequelize.js:181:13)
    at Object.<anonymous> (/home/fedorrychkov/projects/svrlab.marketplace/server/models/users.js:4:11)
    at Module._compile (internal/modules/cjs/loader.js:689:30)
    at loader (/home/fedorrychkov/projects/svrlab.marketplace/node_modules/babel-register/lib/node.js:144:5)
    at Object.require.extensions.(anonymous function) [as .js] (/home/fedorrychkov/projects/svrlab.marketplace/node_modules/babel-register/lib/node.js:154:7)
    at Module.load (internal/modules/cjs/loader.js:599:32)
    at tryModuleLoad (internal/modules/cjs/loader.js:538:12)
    at Function.Module._load (internal/modules/cjs/loader.js:530:3)
    at Module.require (internal/modules/cjs/loader.js:637:17)
    at require (internal/modules/cjs/helpers.js:20:18)
    at Object.<anonymous> (/home/fedorrychkov/projects/svrlab.marketplace/server/routes/routes.js:3:1)
    at Module._compile (internal/modules/cjs/loader.js:689:30)
    at loader (/home/fedorrychkov/projects/svrlab.marketplace/node_modules/babel-register/lib/node.js:144:5)
    at Object.require.extensions.(anonymous function) [as .js] (/home/fedorrychkov/projects/svrlab.marketplace/node_modules/babel-register/lib/node.js:154:7)
    at Module.load (internal/modules/cjs/loader.js:599:32)
    at tryModuleLoad (internal/modules/cjs/loader.js:538:12)
    at Function.Module._load (internal/modules/cjs/loader.js:530:3)
    at Module.require (internal/modules/cjs/loader.js:637:17)
    at require (internal/modules/cjs/helpers.js:20:18)
    at Object.<anonymous> (/home/fedorrychkov/projects/svrlab.marketplace/server/app.js:4:1)
    at Module._compile (internal/modules/cjs/loader.js:689:30)
    at loader (/home/fedorrychkov/projects/svrlab.marketplace/node_modules/babel-register/lib/node.js:144:5)
13.10.2018 15:45:34 +03:00 [err] error: uncaughtException: S is not defined
ReferenceError: S is not defined
    at Object.<anonymous> (/home/fedorrychkov/projects/svrlab.marketplace/server/models/users.js:16:21)
    at Module._compile (internal/modules/cjs/loader.js:689:30)
    at loader (/home/fedorrychkov/projects/svrlab.marketplace/node_modules/babel-register/lib/node.js:144:5)
    at Object.require.extensions.(anonymous function) [as .js] (/home/fedorrychkov/projects/svrlab.marketplace/node_modules/babel-register/lib/node.js:154:7)
    at Module.load (internal/modules/cjs/loader.js:599:32)
    at tryModuleLoad (internal/modules/cjs/loader.js:538:12)
    at Function.Module._load (internal/modules/cjs/loader.js:530:3)
    at Module.require (internal/modules/cjs/loader.js:637:17)
    at require (internal/modules/cjs/helpers.js:20:18)
    at Object.<anonymous> (/home/fedorrychkov/projects/svrlab.marketplace/server/routes/routes.js:3:1)
    at Module._compile (internal/modules/cjs/loader.js:689:30)
    at loader (/home/fedorrychkov/projects/svrlab.marketplace/node_modules/babel-register/lib/node.js:144:5)
    at Object.require.extensions.(anonymous function) [as .js] (/home/fedorrychkov/projects/svrlab.marketplace/node_modules/babel-register/lib/node.js:154:7)
    at Module.load (internal/modules/cjs/loader.js:599:32)
    at tryModuleLoad (internal/modules/cjs/loader.js:538:12)
    at Function.Module._load (internal/modules/cjs/loader.js:530:3)
    at Module.require (internal/modules/cjs/loader.js:637:17)
    at require (internal/modules/cjs/helpers.js:20:18)
    at Object.<anonymous> (/home/fedorrychkov/projects/svrlab.marketplace/server/app.js:4:1)
    at Module._compile (internal/modules/cjs/loader.js:689:30)
    at loader (/home/fedorrychkov/projects/svrlab.marketplace/node_modules/babel-register/lib/node.js:144:5)
    at Object.require.extensions.(anonymous function) [as .js] (/home/fedorrychkov/projects/svrlab.marketplace/node_modules/babel-register/lib/node.js:154:7)
13.10.2018 15:52:32 +03:00 [err] error: uncaughtException: sequelize.addModels is not a function
TypeError: sequelize.addModels is not a function
    at Object.<anonymous> (/home/fedorrychkov/projects/svrlab.marketplace/server/models/index.js:19:11)
    at Module._compile (internal/modules/cjs/loader.js:689:30)
    at loader (/home/fedorrychkov/projects/svrlab.marketplace/node_modules/babel-register/lib/node.js:144:5)
    at Object.require.extensions.(anonymous function) [as .js] (/home/fedorrychkov/projects/svrlab.marketplace/node_modules/babel-register/lib/node.js:154:7)
    at Module.load (internal/modules/cjs/loader.js:599:32)
    at tryModuleLoad (internal/modules/cjs/loader.js:538:12)
    at Function.Module._load (internal/modules/cjs/loader.js:530:3)
    at Module.require (internal/modules/cjs/loader.js:637:17)
    at require (internal/modules/cjs/helpers.js:20:18)
    at Object.<anonymous> (/home/fedorrychkov/projects/svrlab.marketplace/server/routes/routes.js:6:12)
    at Module._compile (internal/modules/cjs/loader.js:689:30)
    at loader (/home/fedorrychkov/projects/svrlab.marketplace/node_modules/babel-register/lib/node.js:144:5)
    at Object.require.extensions.(anonymous function) [as .js] (/home/fedorrychkov/projects/svrlab.marketplace/node_modules/babel-register/lib/node.js:154:7)
    at Module.load (internal/modules/cjs/loader.js:599:32)
    at tryModuleLoad (internal/modules/cjs/loader.js:538:12)
    at Function.Module._load (internal/modules/cjs/loader.js:530:3)
    at Module.require (internal/modules/cjs/loader.js:637:17)
    at require (internal/modules/cjs/helpers.js:20:18)
    at Object.<anonymous> (/home/fedorrychkov/projects/svrlab.marketplace/server/app.js:4:1)
    at Module._compile (internal/modules/cjs/loader.js:689:30)
    at loader (/home/fedorrychkov/projects/svrlab.marketplace/node_modules/babel-register/lib/node.js:144:5)
    at Object.require.extensions.(anonymous function) [as .js] (/home/fedorrychkov/projects/svrlab.marketplace/node_modules/babel-register/lib/node.js:154:7)
13.10.2018 16:54:37 +03:00 [err] error: uncaughtException: cookieParser is not defined
ReferenceError: cookieParser is not defined
    at Object.<anonymous> (/home/fedorrychkov/projects/svrlab.marketplace/server/app.js:10:5)
    at Module._compile (internal/modules/cjs/loader.js:689:30)
    at loader (/home/fedorrychkov/projects/svrlab.marketplace/node_modules/babel-register/lib/node.js:144:5)
    at Object.require.extensions.(anonymous function) [as .js] (/home/fedorrychkov/projects/svrlab.marketplace/node_modules/babel-register/lib/node.js:154:7)
    at Module.load (internal/modules/cjs/loader.js:599:32)
    at tryModuleLoad (internal/modules/cjs/loader.js:538:12)
    at Function.Module._load (internal/modules/cjs/loader.js:530:3)
    at Module.require (internal/modules/cjs/loader.js:637:17)
    at require (internal/modules/cjs/helpers.js:20:18)
    at Object.<anonymous> (/home/fedorrychkov/projects/svrlab.marketplace/server/index.js:7:1)
    at Module._compile (internal/modules/cjs/loader.js:689:30)
    at Object.Module._extensions..js (internal/modules/cjs/loader.js:700:10)
    at Module.load (internal/modules/cjs/loader.js:599:32)
    at tryModuleLoad (internal/modules/cjs/loader.js:538:12)
    at Function.Module._load (internal/modules/cjs/loader.js:530:3)
    at Function.Module.runMain (internal/modules/cjs/loader.js:742:12)
    at startup (internal/bootstrap/node.js:279:19)
    at bootstrapNodeJSCore (internal/bootstrap/node.js:696:3)
13.10.2018 17:04:33 +03:00 [err] error: uncaughtException: Cannot find module './controllers/api_v1'
Error: Cannot find module './controllers/api_v1'
    at Function.Module._resolveFilename (internal/modules/cjs/loader.js:581:15)
    at Function.Module._load (internal/modules/cjs/loader.js:507:25)
    at Module.require (internal/modules/cjs/loader.js:637:17)
    at require (internal/modules/cjs/helpers.js:20:18)
    at Object.<anonymous> (/home/fedorrychkov/projects/svrlab.marketplace/server/app.js:13:20)
    at Module._compile (internal/modules/cjs/loader.js:689:30)
    at loader (/home/fedorrychkov/projects/svrlab.marketplace/node_modules/babel-register/lib/node.js:144:5)
    at Object.require.extensions.(anonymous function) [as .js] (/home/fedorrychkov/projects/svrlab.marketplace/node_modules/babel-register/lib/node.js:154:7)
    at Module.load (internal/modules/cjs/loader.js:599:32)
    at tryModuleLoad (internal/modules/cjs/loader.js:538:12)
    at Function.Module._load (internal/modules/cjs/loader.js:530:3)
    at Module.require (internal/modules/cjs/loader.js:637:17)
    at require (internal/modules/cjs/helpers.js:20:18)
    at Object.<anonymous> (/home/fedorrychkov/projects/svrlab.marketplace/server/index.js:7:1)
    at Module._compile (internal/modules/cjs/loader.js:689:30)
    at Object.Module._extensions..js (internal/modules/cjs/loader.js:700:10)
    at Module.load (internal/modules/cjs/loader.js:599:32)
    at tryModuleLoad (internal/modules/cjs/loader.js:538:12)
    at Function.Module._load (internal/modules/cjs/loader.js:530:3)
    at Function.Module.runMain (internal/modules/cjs/loader.js:742:12)
    at startup (internal/bootstrap/node.js:279:19)
    at bootstrapNodeJSCore (internal/bootstrap/node.js:696:3)
13.10.2018 17:04:48 +03:00 [err] error: uncaughtException: Cannot find module './controllers/api_v1'
Error: Cannot find module './controllers/api_v1'
    at Function.Module._resolveFilename (internal/modules/cjs/loader.js:581:15)
    at Function.Module._load (internal/modules/cjs/loader.js:507:25)
    at Module.require (internal/modules/cjs/loader.js:637:17)
    at require (internal/modules/cjs/helpers.js:20:18)
    at Object.<anonymous> (/home/fedorrychkov/projects/svrlab.marketplace/server/app.js:13:20)
    at Module._compile (internal/modules/cjs/loader.js:689:30)
    at loader (/home/fedorrychkov/projects/svrlab.marketplace/node_modules/babel-register/lib/node.js:144:5)
    at Object.require.extensions.(anonymous function) [as .js] (/home/fedorrychkov/projects/svrlab.marketplace/node_modules/babel-register/lib/node.js:154:7)
    at Module.load (internal/modules/cjs/loader.js:599:32)
    at tryModuleLoad (internal/modules/cjs/loader.js:538:12)
    at Function.Module._load (internal/modules/cjs/loader.js:530:3)
    at Module.require (internal/modules/cjs/loader.js:637:17)
    at require (internal/modules/cjs/helpers.js:20:18)
    at Object.<anonymous> (/home/fedorrychkov/projects/svrlab.marketplace/server/index.js:7:1)
    at Module._compile (internal/modules/cjs/loader.js:689:30)
    at Object.Module._extensions..js (internal/modules/cjs/loader.js:700:10)
    at Module.load (internal/modules/cjs/loader.js:599:32)
    at tryModuleLoad (internal/modules/cjs/loader.js:538:12)
    at Function.Module._load (internal/modules/cjs/loader.js:530:3)
    at Function.Module.runMain (internal/modules/cjs/loader.js:742:12)
    at startup (internal/bootstrap/node.js:279:19)
    at bootstrapNodeJSCore (internal/bootstrap/node.js:696:3)
13.10.2018 17:05:01 +03:00 [err] error: uncaughtException: Cannot find module './controllers/api_v1'
Error: Cannot find module './controllers/api_v1'
    at Function.Module._resolveFilename (internal/modules/cjs/loader.js:581:15)
    at Function.Module._load (internal/modules/cjs/loader.js:507:25)
    at Module.require (internal/modules/cjs/loader.js:637:17)
    at require (internal/modules/cjs/helpers.js:20:18)
    at Object.<anonymous> (/home/fedorrychkov/projects/svrlab.marketplace/server/app.js:13:20)
    at Module._compile (internal/modules/cjs/loader.js:689:30)
    at loader (/home/fedorrychkov/projects/svrlab.marketplace/node_modules/babel-register/lib/node.js:144:5)
    at Object.require.extensions.(anonymous function) [as .js] (/home/fedorrychkov/projects/svrlab.marketplace/node_modules/babel-register/lib/node.js:154:7)
    at Module.load (internal/modules/cjs/loader.js:599:32)
    at tryModuleLoad (internal/modules/cjs/loader.js:538:12)
    at Function.Module._load (internal/modules/cjs/loader.js:530:3)
    at Module.require (internal/modules/cjs/loader.js:637:17)
    at require (internal/modules/cjs/helpers.js:20:18)
    at Object.<anonymous> (/home/fedorrychkov/projects/svrlab.marketplace/server/index.js:7:1)
    at Module._compile (internal/modules/cjs/loader.js:689:30)
    at Object.Module._extensions..js (internal/modules/cjs/loader.js:700:10)
    at Module.load (internal/modules/cjs/loader.js:599:32)
    at tryModuleLoad (internal/modules/cjs/loader.js:538:12)
    at Function.Module._load (internal/modules/cjs/loader.js:530:3)
    at Function.Module.runMain (internal/modules/cjs/loader.js:742:12)
    at startup (internal/bootstrap/node.js:279:19)
    at bootstrapNodeJSCore (internal/bootstrap/node.js:696:3)
13.10.2018 17:05:03 +03:00 [err] error: uncaughtException: Cannot find module './controllers/api_v1'
Error: Cannot find module './controllers/api_v1'
    at Function.Module._resolveFilename (internal/modules/cjs/loader.js:581:15)
    at Function.Module._load (internal/modules/cjs/loader.js:507:25)
    at Module.require (internal/modules/cjs/loader.js:637:17)
    at require (internal/modules/cjs/helpers.js:20:18)
    at Object.<anonymous> (/home/fedorrychkov/projects/svrlab.marketplace/server/app.js:13:20)
    at Module._compile (internal/modules/cjs/loader.js:689:30)
    at loader (/home/fedorrychkov/projects/svrlab.marketplace/node_modules/babel-register/lib/node.js:144:5)
    at Object.require.extensions.(anonymous function) [as .js] (/home/fedorrychkov/projects/svrlab.marketplace/node_modules/babel-register/lib/node.js:154:7)
    at Module.load (internal/modules/cjs/loader.js:599:32)
    at tryModuleLoad (internal/modules/cjs/loader.js:538:12)
    at Function.Module._load (internal/modules/cjs/loader.js:530:3)
    at Module.require (internal/modules/cjs/loader.js:637:17)
    at require (internal/modules/cjs/helpers.js:20:18)
    at Object.<anonymous> (/home/fedorrychkov/projects/svrlab.marketplace/server/index.js:7:1)
    at Module._compile (internal/modules/cjs/loader.js:689:30)
    at Object.Module._extensions..js (internal/modules/cjs/loader.js:700:10)
    at Module.load (internal/modules/cjs/loader.js:599:32)
    at tryModuleLoad (internal/modules/cjs/loader.js:538:12)
    at Function.Module._load (internal/modules/cjs/loader.js:530:3)
    at Function.Module.runMain (internal/modules/cjs/loader.js:742:12)
    at startup (internal/bootstrap/node.js:279:19)
    at bootstrapNodeJSCore (internal/bootstrap/node.js:696:3)
13.10.2018 17:05:04 +03:00 [err] error: uncaughtException: Cannot find module './controllers/api_v1'
Error: Cannot find module './controllers/api_v1'
    at Function.Module._resolveFilename (internal/modules/cjs/loader.js:581:15)
    at Function.Module._load (internal/modules/cjs/loader.js:507:25)
    at Module.require (internal/modules/cjs/loader.js:637:17)
    at require (internal/modules/cjs/helpers.js:20:18)
    at Object.<anonymous> (/home/fedorrychkov/projects/svrlab.marketplace/server/app.js:13:20)
    at Module._compile (internal/modules/cjs/loader.js:689:30)
    at loader (/home/fedorrychkov/projects/svrlab.marketplace/node_modules/babel-register/lib/node.js:144:5)
    at Object.require.extensions.(anonymous function) [as .js] (/home/fedorrychkov/projects/svrlab.marketplace/node_modules/babel-register/lib/node.js:154:7)
    at Module.load (internal/modules/cjs/loader.js:599:32)
    at tryModuleLoad (internal/modules/cjs/loader.js:538:12)
    at Function.Module._load (internal/modules/cjs/loader.js:530:3)
    at Module.require (internal/modules/cjs/loader.js:637:17)
    at require (internal/modules/cjs/helpers.js:20:18)
    at Object.<anonymous> (/home/fedorrychkov/projects/svrlab.marketplace/server/index.js:7:1)
    at Module._compile (internal/modules/cjs/loader.js:689:30)
    at Object.Module._extensions..js (internal/modules/cjs/loader.js:700:10)
    at Module.load (internal/modules/cjs/loader.js:599:32)
    at tryModuleLoad (internal/modules/cjs/loader.js:538:12)
    at Function.Module._load (internal/modules/cjs/loader.js:530:3)
    at Function.Module.runMain (internal/modules/cjs/loader.js:742:12)
    at startup (internal/bootstrap/node.js:279:19)
    at bootstrapNodeJSCore (internal/bootstrap/node.js:696:3)
13.10.2018 17:05:18 +03:00 [err] error: uncaughtException: Router.use() requires a middleware function but got a Object
TypeError: Router.use() requires a middleware function but got a Object
    at Function.use (/home/fedorrychkov/projects/svrlab.marketplace/node_modules/express/lib/router/index.js:458:13)
    at Function.<anonymous> (/home/fedorrychkov/projects/svrlab.marketplace/node_modules/express/lib/application.js:220:21)
    at Array.forEach (<anonymous>)
    at Function.use (/home/fedorrychkov/projects/svrlab.marketplace/node_modules/express/lib/application.js:217:7)
    at Object.<anonymous> (/home/fedorrychkov/projects/svrlab.marketplace/server/app.js:13:5)
    at Module._compile (internal/modules/cjs/loader.js:689:30)
    at loader (/home/fedorrychkov/projects/svrlab.marketplace/node_modules/babel-register/lib/node.js:144:5)
    at Object.require.extensions.(anonymous function) [as .js] (/home/fedorrychkov/projects/svrlab.marketplace/node_modules/babel-register/lib/node.js:154:7)
    at Module.load (internal/modules/cjs/loader.js:599:32)
    at tryModuleLoad (internal/modules/cjs/loader.js:538:12)
    at Function.Module._load (internal/modules/cjs/loader.js:530:3)
    at Module.require (internal/modules/cjs/loader.js:637:17)
    at require (internal/modules/cjs/helpers.js:20:18)
    at Object.<anonymous> (/home/fedorrychkov/projects/svrlab.marketplace/server/index.js:7:1)
    at Module._compile (internal/modules/cjs/loader.js:689:30)
    at Object.Module._extensions..js (internal/modules/cjs/loader.js:700:10)
    at Module.load (internal/modules/cjs/loader.js:599:32)
    at tryModuleLoad (internal/modules/cjs/loader.js:538:12)
    at Function.Module._load (internal/modules/cjs/loader.js:530:3)
    at Function.Module.runMain (internal/modules/cjs/loader.js:742:12)
    at startup (internal/bootstrap/node.js:279:19)
    at bootstrapNodeJSCore (internal/bootstrap/node.js:696:3)
13.10.2018 17:05:47 +03:00 [err] error: uncaughtException: Router.use() requires a middleware function but got a Object
TypeError: Router.use() requires a middleware function but got a Object
    at Function.use (/home/fedorrychkov/projects/svrlab.marketplace/node_modules/express/lib/router/index.js:458:13)
    at Function.<anonymous> (/home/fedorrychkov/projects/svrlab.marketplace/node_modules/express/lib/application.js:220:21)
    at Array.forEach (<anonymous>)
    at Function.use (/home/fedorrychkov/projects/svrlab.marketplace/node_modules/express/lib/application.js:217:7)
    at Object.<anonymous> (/home/fedorrychkov/projects/svrlab.marketplace/server/app.js:13:5)
    at Module._compile (internal/modules/cjs/loader.js:689:30)
    at loader (/home/fedorrychkov/projects/svrlab.marketplace/node_modules/babel-register/lib/node.js:144:5)
    at Object.require.extensions.(anonymous function) [as .js] (/home/fedorrychkov/projects/svrlab.marketplace/node_modules/babel-register/lib/node.js:154:7)
    at Module.load (internal/modules/cjs/loader.js:599:32)
    at tryModuleLoad (internal/modules/cjs/loader.js:538:12)
    at Function.Module._load (internal/modules/cjs/loader.js:530:3)
    at Module.require (internal/modules/cjs/loader.js:637:17)
    at require (internal/modules/cjs/helpers.js:20:18)
    at Object.<anonymous> (/home/fedorrychkov/projects/svrlab.marketplace/server/index.js:7:1)
    at Module._compile (internal/modules/cjs/loader.js:689:30)
    at Object.Module._extensions..js (internal/modules/cjs/loader.js:700:10)
    at Module.load (internal/modules/cjs/loader.js:599:32)
    at tryModuleLoad (internal/modules/cjs/loader.js:538:12)
    at Function.Module._load (internal/modules/cjs/loader.js:530:3)
    at Function.Module.runMain (internal/modules/cjs/loader.js:742:12)
    at startup (internal/bootstrap/node.js:279:19)
    at bootstrapNodeJSCore (internal/bootstrap/node.js:696:3)
13.10.2018 17:08:50 +03:00 [err] error: uncaughtException: Cannot find module './routes/v1/routes'
Error: Cannot find module './routes/v1/routes'
    at Function.Module._resolveFilename (internal/modules/cjs/loader.js:581:15)
    at Function.Module._load (internal/modules/cjs/loader.js:507:25)
    at Module.require (internal/modules/cjs/loader.js:637:17)
    at require (internal/modules/cjs/helpers.js:20:18)
    at Object.<anonymous> (/home/fedorrychkov/projects/svrlab.marketplace/server/app.js:5:1)
    at Module._compile (internal/modules/cjs/loader.js:689:30)
    at loader (/home/fedorrychkov/projects/svrlab.marketplace/node_modules/babel-register/lib/node.js:144:5)
    at Object.require.extensions.(anonymous function) [as .js] (/home/fedorrychkov/projects/svrlab.marketplace/node_modules/babel-register/lib/node.js:154:7)
    at Module.load (internal/modules/cjs/loader.js:599:32)
    at tryModuleLoad (internal/modules/cjs/loader.js:538:12)
13.10.2018 17:09:01 +03:00 [err] error: uncaughtException: Cannot find module './routes/v1/routes'
Error: Cannot find module './routes/v1/routes'
    at Function.Module._resolveFilename (internal/modules/cjs/loader.js:581:15)
    at Function.Module._load (internal/modules/cjs/loader.js:507:25)
    at Module.require (internal/modules/cjs/loader.js:637:17)
    at require (internal/modules/cjs/helpers.js:20:18)
    at Object.<anonymous> (/home/fedorrychkov/projects/svrlab.marketplace/server/app.js:5:1)
    at Module._compile (internal/modules/cjs/loader.js:689:30)
    at loader (/home/fedorrychkov/projects/svrlab.marketplace/node_modules/babel-register/lib/node.js:144:5)
    at Object.require.extensions.(anonymous function) [as .js] (/home/fedorrychkov/projects/svrlab.marketplace/node_modules/babel-register/lib/node.js:154:7)
    at Module.load (internal/modules/cjs/loader.js:599:32)
    at tryModuleLoad (internal/modules/cjs/loader.js:538:12)
13.10.2018 17:09:10 +03:00 [err] error: uncaughtException: Cannot find module '../models/users'
Error: Cannot find module '../models/users'
    at Function.Module._resolveFilename (internal/modules/cjs/loader.js:581:15)
    at Function.Module._load (internal/modules/cjs/loader.js:507:25)
    at Module.require (internal/modules/cjs/loader.js:637:17)
    at require (internal/modules/cjs/helpers.js:20:18)
    at Object.<anonymous> (/home/fedorrychkov/projects/svrlab.marketplace/server/routes/v1/routes.js:3:1)
    at Module._compile (internal/modules/cjs/loader.js:689:30)
    at loader (/home/fedorrychkov/projects/svrlab.marketplace/node_modules/babel-register/lib/node.js:144:5)
    at Object.require.extensions.(anonymous function) [as .js] (/home/fedorrychkov/projects/svrlab.marketplace/node_modules/babel-register/lib/node.js:154:7)
    at Module.load (internal/modules/cjs/loader.js:599:32)
    at tryModuleLoad (internal/modules/cjs/loader.js:538:12)
13.10.2018 23:02:44 +03:00 [err] error: uncaughtException: listen EADDRINUSE :::8080
Error: listen EADDRINUSE :::8080
    at Server.setupListenHandle [as _listen2] (net.js:1286:14)
    at listenInCluster (net.js:1334:12)
    at Server.listen (net.js:1421:7)
    at Function.listen (/home/fedorrychkov/projects/svrlab.marketplace/node_modules/express/lib/application.js:618:24)
    at Object.<anonymous> (/home/fedorrychkov/projects/svrlab.marketplace/server/app.js:18:20)
    at Module._compile (internal/modules/cjs/loader.js:689:30)
    at loader (/home/fedorrychkov/projects/svrlab.marketplace/node_modules/babel-register/lib/node.js:144:5)
    at Object.require.extensions.(anonymous function) [as .js] (/home/fedorrychkov/projects/svrlab.marketplace/node_modules/babel-register/lib/node.js:154:7)
    at Module.load (internal/modules/cjs/loader.js:599:32)
    at tryModuleLoad (internal/modules/cjs/loader.js:538:12)
    at Function.Module._load (internal/modules/cjs/loader.js:530:3)
    at Module.require (internal/modules/cjs/loader.js:637:17)
    at require (internal/modules/cjs/helpers.js:20:18)
    at Object.<anonymous> (/home/fedorrychkov/projects/svrlab.marketplace/server/index.js:7:1)
    at Module._compile (internal/modules/cjs/loader.js:689:30)
    at Object.Module._extensions..js (internal/modules/cjs/loader.js:700:10)
    at Module.load (internal/modules/cjs/loader.js:599:32)
    at tryModuleLoad (internal/modules/cjs/loader.js:538:12)
    at Function.Module._load (internal/modules/cjs/loader.js:530:3)
    at Function.Module.runMain (internal/modules/cjs/loader.js:742:12)
    at startup (internal/bootstrap/node.js:279:19)
    at bootstrapNodeJSCore (internal/bootstrap/node.js:696:3)
14.10.2018 06:04:56 +03:00 [err] error: uncaughtException: DataType is not defined
ReferenceError: DataType is not defined
    at Function.init (/home/fedorrychkov/projects/svrlab.marketplace/server/models/category.js:15:21)
    at Object.<anonymous> (/home/fedorrychkov/projects/svrlab.marketplace/server/models/index.js:22:26)
    at Module._compile (internal/modules/cjs/loader.js:689:30)
    at loader (/home/fedorrychkov/projects/svrlab.marketplace/node_modules/babel-register/lib/node.js:144:5)
    at Object.require.extensions.(anonymous function) [as .js] (/home/fedorrychkov/projects/svrlab.marketplace/node_modules/babel-register/lib/node.js:154:7)
    at Module.load (internal/modules/cjs/loader.js:599:32)
    at tryModuleLoad (internal/modules/cjs/loader.js:538:12)
    at Function.Module._load (internal/modules/cjs/loader.js:530:3)
    at Module.require (internal/modules/cjs/loader.js:637:17)
    at require (internal/modules/cjs/helpers.js:20:18)
    at Object.<anonymous> (/home/fedorrychkov/projects/svrlab.marketplace/server/app.js:10:1)
    at Module._compile (internal/modules/cjs/loader.js:689:30)
    at loader (/home/fedorrychkov/projects/svrlab.marketplace/node_modules/babel-register/lib/node.js:144:5)
    at Object.require.extensions.(anonymous function) [as .js] (/home/fedorrychkov/projects/svrlab.marketplace/node_modules/babel-register/lib/node.js:154:7)
    at Module.load (internal/modules/cjs/loader.js:599:32)
    at tryModuleLoad (internal/modules/cjs/loader.js:538:12)
    at Function.Module._load (internal/modules/cjs/loader.js:530:3)
    at Module.require (internal/modules/cjs/loader.js:637:17)
    at require (internal/modules/cjs/helpers.js:20:18)
    at Object.<anonymous> (/home/fedorrychkov/projects/svrlab.marketplace/server/index.js:7:1)
    at Module._compile (internal/modules/cjs/loader.js:689:30)
    at Object.Module._extensions..js (internal/modules/cjs/loader.js:700:10)
